#
# A fatal error has been detected by the Java Runtime Environment:
#
#  SIGSEGV (0xb) at pc=0x00007f4b829ef79e, pid=16625, tid=139963969443584
#
# JRE version: OpenJDK Runtime Environment (7.0_65-b32) (build 1.7.0_65-b32)
# Java VM: OpenJDK 64-Bit Server VM (24.65-b04 mixed mode linux-amd64 compressed oops)
# Derivative: IcedTea 2.5.3
# Distribution: Ubuntu 14.04 LTS, package 7u71-2.5.3-0ubuntu0.14.04.1
# Problematic frame:
# C  [fglrx_dri.so+0x146479e]
#
# Failed to write core dump. Core dumps have been disabled. To enable core dumping, try "ulimit -c unlimited" before starting Java again
#
# If you would like to submit a bug report, please include
# instructions on how to reproduce the bug and visit:
#   http://icedtea.classpath.org/bugzilla
# The crash happened outside the Java Virtual Machine in native code.
# See problematic frame for where to report the bug.
#

---------------  T H R E A D  ---------------

Current thread (0x00007f4be000a000):  JavaThread "main" [_thread_in_native, id=16630, stack(0x00007f4be69e1000,0x00007f4be6ae2000)]

siginfo:si_signo=SIGSEGV: si_errno=0, si_code=1 (SEGV_MAPERR), si_addr=0x00000000000000e0

Registers:
RAX=0x0000000000000000, RBX=0x00007f4be04a4238, RCX=0x0000000000000004, RDX=0x00007f4be04b1318
RSP=0x00007f4be6ae0260, RBP=0x000000000000000f, RSI=0x00000000000005f0, RDI=0x0000000000000003
R8 =0x0000000000000000, R9 =0x00007f4be0a17c50, R10=0x00007f4be0a17c50, R11=0x0000000000000000
R12=0x00007f4be6ae0327, R13=0x00007f4be6ae0318, R14=0x00007f4be03931d0, R15=0x0000000000000004
RIP=0x00007f4b829ef79e, EFLAGS=0x0000000000010206, CSGSFS=0x0000000000000033, ERR=0x0000000000000004
  TRAPNO=0x000000000000000e

Top of Stack: (sp=0x00007f4be6ae0260)
0x00007f4be6ae0260:   00007f4be6ae02b0 000000000000000f
0x00007f4be6ae0270:   0000000000000000 00007f4be0d879e0
0x00007f4be6ae0280:   00007f4be04a4238 0000000000000000
0x00007f4be6ae0290:   00000000ffffffff 00007f4b82a58233
0x00007f4be6ae02a0:   00007f4be03931d0 0000000000000000
0x00007f4be6ae02b0:   00007f4be087c020 00007f4be03931d0
0x00007f4be6ae02c0:   00007f4be087da60 0000000000000000
0x00007f4be6ae02d0:   0000000000000000 00007f4be03931d0
0x00007f4be6ae02e0:   0f0f511e00000004 00007f4be04a4238
0x00007f4be6ae02f0:   00007f4be6ae03c0 00007f4be03931d0
0x00007f4be6ae0300:   0000000000000001 0000000000000000
0x00007f4be6ae0310:   0000000000000000 00007f4b82a03276
0x00007f4be6ae0320:   0100000100000300 00007f4be04a4238
0x00007f4be6ae0330:   0000000000000000 00007f4be03931d0
0x00007f4be6ae0340:   0000000000000001 0000000000000000
0x00007f4be6ae0350:   0000000000000000 00007f4b82a640a6
0x00007f4be6ae0360:   0000000000000003 0000000000000000
0x00007f4be6ae0370:   0000000000000030 00007f4be04364f0
0x00007f4be6ae0380:   00007f4be04364f0 00007f4be6ae0470
0x00007f4be6ae0390:   00007f4be6ae0490 00007f4b00000004
0x00007f4be6ae03a0:   00007f4b000000c0 00007f4be049cec0
0x00007f4be6ae03b0:   00007f4be046e808 00007f4be6ae0410
0x00007f4be6ae03c0:   00fc900afee7ffff 0000000000000c04
0x00007f4be6ae03d0:   00007f4be043ef40 00007f4b00006d7f
0x00007f4be6ae03e0:   0000000000000003 00007f4be04a4238
0x00007f4be6ae03f0:   00007f4be04ac630 0000000000000004
0x00007f4be6ae0400:   00007f4be03931d0 00007f4be03931d0
0x00007f4be6ae0410:   0000000000000004 00007f4b82a35f60
0x00007f4be6ae0420:   00007f4be0379050 0000000000000010
0x00007f4be6ae0430:   00007f4be0a17860 0000000000000001
0x00007f4be6ae0440:   0000000000000000 00007f4be04a4238
0x00007f4be6ae0450:   00007f4be03931d0 00007f4b82a363b3 

Instructions: (pc=0x00007f4b829ef79e)
0x00007f4b829ef77e:   e0 85 c5 74 0e 89 f8 48 8d 04 40 48 8d 94 c3 98
0x00007f4b829ef78e:   d0 00 00 8b 4a 10 48 8b 02 85 c9 74 45 83 f9 01
0x00007f4b829ef79e:   4c 8b 90 e0 00 00 00 8b 72 08 74 16 89 c8 c1 e8
0x00007f4b829ef7ae:   02 83 f8 10 0f 86 bf 00 00 00 89 f0 31 d2 f7 f1 

Register to memory mapping:

RAX=0x0000000000000000 is an unknown value
RBX=0x00007f4be04a4238 is an unknown value
RCX=0x0000000000000004 is an unknown value
RDX=0x00007f4be04b1318 is an unknown value
RSP=0x00007f4be6ae0260 is pointing into the stack for thread: 0x00007f4be000a000
RBP=0x000000000000000f is an unknown value
RSI=0x00000000000005f0 is an unknown value
RDI=0x0000000000000003 is an unknown value
R8 =0x0000000000000000 is an unknown value
R9 =0x00007f4be0a17c50 is an unknown value
R10=0x00007f4be0a17c50 is an unknown value
R11=0x0000000000000000 is an unknown value
R12=0x00007f4be6ae0327 is pointing into the stack for thread: 0x00007f4be000a000
R13=0x00007f4be6ae0318 is pointing into the stack for thread: 0x00007f4be000a000
R14=0x00007f4be03931d0 is an unknown value
R15=0x0000000000000004 is an unknown value


Stack: [0x00007f4be69e1000,0x00007f4be6ae2000],  sp=0x00007f4be6ae0260,  free space=1020k
Native frames: (J=compiled Java code, j=interpreted, Vv=VM code, C=native code)
C  [fglrx_dri.so+0x146479e]

Java frames: (J=compiled Java code, j=interpreted, Vv=VM code)
j  org.lwjgl.opengl.GL11.nglDrawElementsBO(IIIJJ)V+0
j  org.lwjgl.opengl.GL11.glDrawElements(IIIJ)V+28
j  com.AtomicGE.modernRender.render.RORenderer.render(Lcom/AtomicGE/modernRender/renderObject/RenderObject;)V+93
j  com.AtomicGE.modernRender.render.Renderer.render()V+49
j  com.AtomicGE.game.Game.loop()V+78
j  com.AtomicGE.game.Game.start()V+1
j  com.AtomicGE.main.Main.main([Ljava/lang/String;)V+27
v  ~StubRoutines::call_stub

---------------  P R O C E S S  ---------------

Java Threads: ( => current thread )
  0x00007f4be01dc000 JavaThread "process reaper" daemon [_thread_blocked, id=16650, stack(0x00007f4bd8005000,0x00007f4bd803e000)]
  0x00007f4be01ce800 JavaThread "AWT-XAWT" daemon [_thread_in_native, id=16648, stack(0x00007f4bbc045000,0x00007f4bbc146000)]
  0x00007f4be01b0800 JavaThread "Java2D Disposer" daemon [_thread_blocked, id=16647, stack(0x00007f4bd803e000,0x00007f4bd813f000)]
  0x00007f4be00b9000 JavaThread "Service Thread" daemon [_thread_blocked, id=16645, stack(0x00007f4bd8990000,0x00007f4bd8a91000)]
  0x00007f4be00b6800 JavaThread "C2 CompilerThread1" daemon [_thread_in_native, id=16644, stack(0x00007f4bd8a91000,0x00007f4bd8b92000)]
  0x00007f4be00b3800 JavaThread "C2 CompilerThread0" daemon [_thread_blocked, id=16643, stack(0x00007f4bd8b92000,0x00007f4bd8c93000)]
  0x00007f4be00b1800 JavaThread "Signal Dispatcher" daemon [_thread_blocked, id=16642, stack(0x00007f4bd8c93000,0x00007f4bd8d94000)]
  0x00007f4be0084800 JavaThread "Finalizer" daemon [_thread_blocked, id=16641, stack(0x00007f4bd905d000,0x00007f4bd915e000)]
  0x00007f4be0082800 JavaThread "Reference Handler" daemon [_thread_blocked, id=16640, stack(0x00007f4bd915e000,0x00007f4bd925f000)]
=>0x00007f4be000a000 JavaThread "main" [_thread_in_native, id=16630, stack(0x00007f4be69e1000,0x00007f4be6ae2000)]

Other Threads:
  0x00007f4be007e000 VMThread [stack: 0x00007f4bd925f000,0x00007f4bd9360000] [id=16639]
  0x00007f4be00c3800 WatcherThread [stack: 0x00007f4bd888f000,0x00007f4bd8990000] [id=16646]

VM state:not at safepoint (normal execution)

VM Mutex/Monitor currently owned by a thread: None

Heap
 PSYoungGen      total 37376K, used 6521K [0x00000007d6d00000, 0x00000007db600000, 0x0000000800000000)
  eden space 32256K, 13% used [0x00000007d6d00000,0x00000007d71527c0,0x00000007d8c80000)
  from space 5120K, 40% used [0x00000007d8c80000,0x00000007d8e8c010,0x00000007d9180000)
  to   space 5120K, 0% used [0x00000007db100000,0x00000007db100000,0x00000007db600000)
 ParOldGen       total 83968K, used 24K [0x0000000784800000, 0x0000000789a00000, 0x00000007d6d00000)
  object space 83968K, 0% used [0x0000000784800000,0x0000000784806000,0x0000000789a00000)
 PSPermGen       total 21504K, used 8653K [0x000000077a200000, 0x000000077b700000, 0x0000000784800000)
  object space 21504K, 40% used [0x000000077a200000,0x000000077aa73608,0x000000077b700000)

Card table byte_map: [0x00007f4bdc18b000,0x00007f4bdc5bb000] byte_map_base: 0x00007f4bd85ba000

Polling page: 0x00007f4be6b07000

Code Cache  [0x00007f4bdc5bb000, 0x00007f4bdc82b000, 0x00007f4bdf5bb000)
 total_blobs=611 nmethods=126 adapters=439 free_code_cache=48389Kb largest_free_block=49526080

Compilation events (10 events):
Event: 1.229 Thread 0x00007f4be00b6800  122             java.util.Arrays::copyOf (13 bytes)
Event: 1.231 Thread 0x00007f4be00b3800 nmethod 121 0x00007f4bdc673390 code [0x00007f4bdc6734e0, 0x00007f4bdc673678]
Event: 1.231 Thread 0x00007f4be00b3800  123             java.util.ArrayList::grow (45 bytes)
Event: 1.231 Thread 0x00007f4be00b6800 nmethod 122 0x00007f4bdc672fd0 code [0x00007f4bdc673120, 0x00007f4bdc6732b8]
Event: 1.233 Thread 0x00007f4be00b3800 nmethod 123 0x00007f4bdc6729d0 code [0x00007f4bdc672b20, 0x00007f4bdc672d88]
Event: 1.292 Thread 0x00007f4be00b6800  124             java.nio.Buffer::position (5 bytes)
Event: 1.292 Thread 0x00007f4be00b6800 nmethod 124 0x00007f4bdc65bed0 code [0x00007f4bdc65c000, 0x00007f4bdc65c058]
Event: 1.462 Thread 0x00007f4be00b3800  126             java.nio.Bits::byteOrder (20 bytes)
Event: 1.463 Thread 0x00007f4be00b3800 nmethod 126 0x00007f4bdc6712d0 code [0x00007f4bdc671400, 0x00007f4bdc671458]
Event: 1.571 Thread 0x00007f4be00b6800  127             sun.net.www.ParseUtil::encodePath (336 bytes)

GC Heap History (6 events):
Event: 1.024 GC heap before
{Heap before GC invocations=1 (full 0):
 PSYoungGen      total 37376K, used 32256K [0x00000007d6d00000, 0x00000007d9680000, 0x0000000800000000)
  eden space 32256K, 100% used [0x00000007d6d00000,0x00000007d8c80000,0x00000007d8c80000)
  from space 5120K, 0% used [0x00000007d9180000,0x00000007d9180000,0x00000007d9680000)
  to   space 5120K, 0% used [0x00000007d8c80000,0x00000007d8c80000,0x00000007d9180000)
 ParOldGen       total 83968K, used 0K [0x0000000784800000, 0x0000000789a00000, 0x00000007d6d00000)
  object space 83968K, 0% used [0x0000000784800000,0x0000000784800000,0x0000000789a00000)
 PSPermGen       total 21504K, used 8620K [0x000000077a200000, 0x000000077b700000, 0x0000000784800000)
  object space 21504K, 40% used [0x000000077a200000,0x000000077aa6b120,0x000000077b700000)
Event: 1.030 GC heap after
Heap after GC invocations=1 (full 0):
 PSYoungGen      total 37376K, used 2098K [0x00000007d6d00000, 0x00000007d9680000, 0x0000000800000000)
  eden space 32256K, 0% used [0x00000007d6d00000,0x00000007d6d00000,0x00000007d8c80000)
  from space 5120K, 40% used [0x00000007d8c80000,0x00000007d8e8cad0,0x00000007d9180000)
  to   space 5120K, 0% used [0x00000007d9180000,0x00000007d9180000,0x00000007d9680000)
 ParOldGen       total 83968K, used 8K [0x0000000784800000, 0x0000000789a00000, 0x00000007d6d00000)
  object space 83968K, 0% used [0x0000000784800000,0x0000000784802000,0x0000000789a00000)
 PSPermGen       total 21504K, used 8620K [0x000000077a200000, 0x000000077b700000, 0x0000000784800000)
  object space 21504K, 40% used [0x000000077a200000,0x000000077aa6b120,0x000000077b700000)
}
Event: 1.283 GC heap before
{Heap before GC invocations=2 (full 0):
 PSYoungGen      total 37376K, used 34354K [0x00000007d6d00000, 0x00000007d9680000, 0x0000000800000000)
  eden space 32256K, 100% used [0x00000007d6d00000,0x00000007d8c80000,0x00000007d8c80000)
  from space 5120K, 40% used [0x00000007d8c80000,0x00000007d8e8cad0,0x00000007d9180000)
  to   space 5120K, 0% used [0x00000007d9180000,0x00000007d9180000,0x00000007d9680000)
 ParOldGen       total 83968K, used 8K [0x0000000784800000, 0x0000000789a00000, 0x00000007d6d00000)
  object space 83968K, 0% used [0x0000000784800000,0x0000000784802000,0x0000000789a00000)
 PSPermGen       total 21504K, used 8621K [0x000000077a200000, 0x000000077b700000, 0x0000000784800000)
  object space 21504K, 40% used [0x000000077a200000,0x000000077aa6b538,0x000000077b700000)
Event: 1.286 GC heap after
Heap after GC invocations=2 (full 0):
 PSYoungGen      total 37376K, used 1744K [0x00000007d6d00000, 0x00000007d9680000, 0x0000000800000000)
  eden space 32256K, 0% used [0x00000007d6d00000,0x00000007d6d00000,0x00000007d8c80000)
  from space 5120K, 34% used [0x00000007d9180000,0x00000007d9334010,0x00000007d9680000)
  to   space 5120K, 0% used [0x00000007d8c80000,0x00000007d8c80000,0x00000007d9180000)
 ParOldGen       total 83968K, used 16K [0x0000000784800000, 0x0000000789a00000, 0x00000007d6d00000)
  object space 83968K, 0% used [0x0000000784800000,0x0000000784804000,0x0000000789a00000)
 PSPermGen       total 21504K, used 8621K [0x000000077a200000, 0x000000077b700000, 0x0000000784800000)
  object space 21504K, 40% used [0x000000077a200000,0x000000077aa6b538,0x000000077b700000)
}
Event: 1.536 GC heap before
{Heap before GC invocations=3 (full 0):
 PSYoungGen      total 37376K, used 34000K [0x00000007d6d00000, 0x00000007d9680000, 0x0000000800000000)
  eden space 32256K, 100% used [0x00000007d6d00000,0x00000007d8c80000,0x00000007d8c80000)
  from space 5120K, 34% used [0x00000007d9180000,0x00000007d9334010,0x00000007d9680000)
  to   space 5120K, 0% used [0x00000007d8c80000,0x00000007d8c80000,0x00000007d9180000)
 ParOldGen       total 83968K, used 16K [0x0000000784800000, 0x0000000789a00000, 0x00000007d6d00000)
  object space 83968K, 0% used [0x0000000784800000,0x0000000784804000,0x0000000789a00000)
 PSPermGen       total 21504K, used 8622K [0x000000077a200000, 0x000000077b700000, 0x0000000784800000)
  object space 21504K, 40% used [0x000000077a200000,0x000000077aa6ba18,0x000000077b700000)
Event: 1.540 GC heap after
Heap after GC invocations=3 (full 0):
 PSYoungGen      total 37376K, used 2096K [0x00000007d6d00000, 0x00000007db600000, 0x0000000800000000)
  eden space 32256K, 0% used [0x00000007d6d00000,0x00000007d6d00000,0x00000007d8c80000)
  from space 5120K, 40% used [0x00000007d8c80000,0x00000007d8e8c010,0x00000007d9180000)
  to   space 5120K, 0% used [0x00000007db100000,0x00000007db100000,0x00000007db600000)
 ParOldGen       total 83968K, used 24K [0x0000000784800000, 0x0000000789a00000, 0x00000007d6d00000)
  object space 83968K, 0% used [0x0000000784800000,0x0000000784806000,0x0000000789a00000)
 PSPermGen       total 21504K, used 8622K [0x000000077a200000, 0x000000077b700000, 0x0000000784800000)
  object space 21504K, 40% used [0x000000077a200000,0x000000077aa6ba18,0x000000077b700000)
}

Deoptimization events (1 events):
Event: 0.733 Thread 0x00007f4be000a000 Uncommon trap: reason=predicate action=maybe_recompile pc=0x00007f4bdc65013c method=java.util.ArrayList.indexOf(Ljava/lang/Object;)I @ 44

Internal exceptions (10 events):
Event: 0.738 Thread 0x00007f4be000a000 Threw 0x00000007d78b9950 at /build/buildd/openjdk-7-7u71-2.5.3/build/openjdk/hotspot/src/share/vm/prims/jvm.cpp:1284
Event: 0.739 Thread 0x00007f4be000a000 Threw 0x00000007d78bc6f0 at /build/buildd/openjdk-7-7u71-2.5.3/build/openjdk/hotspot/src/share/vm/prims/jvm.cpp:1284
Event: 0.739 Thread 0x00007f4be000a000 Threw 0x00000007d78c2a48 at /build/buildd/openjdk-7-7u71-2.5.3/build/openjdk/hotspot/src/share/vm/prims/jvm.cpp:1284
Event: 0.739 Thread 0x00007f4be000a000 Threw 0x00000007d78c5b20 at /build/buildd/openjdk-7-7u71-2.5.3/build/openjdk/hotspot/src/share/vm/prims/jvm.cpp:1284
Event: 0.740 Thread 0x00007f4be000a000 Threw 0x00000007d78c8cb0 at /build/buildd/openjdk-7-7u71-2.5.3/build/openjdk/hotspot/src/share/vm/prims/jvm.cpp:1284
Event: 0.740 Thread 0x00007f4be000a000 Threw 0x00000007d78cbfb0 at /build/buildd/openjdk-7-7u71-2.5.3/build/openjdk/hotspot/src/share/vm/prims/jvm.cpp:1284
Event: 0.740 Thread 0x00007f4be000a000 Threw 0x00000007d78cf0b8 at /build/buildd/openjdk-7-7u71-2.5.3/build/openjdk/hotspot/src/share/vm/prims/jvm.cpp:1284
Event: 0.741 Thread 0x00007f4be000a000 Threw 0x00000007d78d2120 at /build/buildd/openjdk-7-7u71-2.5.3/build/openjdk/hotspot/src/share/vm/prims/jvm.cpp:1284
Event: 1.571 Thread 0x00007f4be000a000 Threw 0x00000007d7103c60 at /build/buildd/openjdk-7-7u71-2.5.3/build/openjdk/hotspot/src/share/vm/prims/jvm.cpp:1284
Event: 1.572 Thread 0x00007f4be000a000 Threw 0x00000007d71082f0 at /build/buildd/openjdk-7-7u71-2.5.3/build/openjdk/hotspot/src/share/vm/prims/jvm.cpp:1284

Events (10 events):
Event: 1.024 Executing VM operation: ParallelGCFailedAllocation
Event: 1.030 Executing VM operation: ParallelGCFailedAllocation done
Event: 1.283 Executing VM operation: ParallelGCFailedAllocation
Event: 1.286 Executing VM operation: ParallelGCFailedAllocation done
Event: 1.536 Executing VM operation: ParallelGCFailedAllocation
Event: 1.540 Executing VM operation: ParallelGCFailedAllocation done
Event: 1.571 loading class 0x00007f4be01ff200
Event: 1.571 loading class 0x00007f4be01ff200 done
Event: 1.572 loading class 0x00007f4be00ff550
Event: 1.572 loading class 0x00007f4be00ff550 done


Dynamic libraries:
00400000-00401000 r-xp 00000000 08:02 4721190                            /usr/lib/jvm/java-7-openjdk-amd64/jre/bin/java
00600000-00601000 r--p 00000000 08:02 4721190                            /usr/lib/jvm/java-7-openjdk-amd64/jre/bin/java
00601000-00602000 rw-p 00001000 08:02 4721190                            /usr/lib/jvm/java-7-openjdk-amd64/jre/bin/java
019db000-019fc000 rw-p 00000000 00:00 0                                  [heap]
77a200000-77b700000 rw-p 00000000 00:00 0 
77b700000-784800000 rw-p 00000000 00:00 0 
784800000-789a00000 rw-p 00000000 00:00 0 
789a00000-7d6d00000 rw-p 00000000 00:00 0 
7d6d00000-7db600000 rw-p 00000000 00:00 0 
7db600000-800000000 rw-p 00000000 00:00 0 
7f4b7c000000-7f4b7c021000 rw-p 00000000 00:00 0 
7f4b7c021000-7f4b80000000 ---p 00000000 00:00 0 
7f4b8058b000-7f4b8158b000 rw-s 3ad44000 00:05 16069                      /dev/ati/card0
7f4b8158b000-7f4b83c0c000 r-xp 00000000 08:02 4987687                    /usr/lib/fglrx/dri/fglrx_dri.so
7f4b83c0c000-7f4b83d0b000 ---p 02681000 08:02 4987687                    /usr/lib/fglrx/dri/fglrx_dri.so
7f4b83d0b000-7f4b83ec0000 rwxp 02680000 08:02 4987687                    /usr/lib/fglrx/dri/fglrx_dri.so
7f4b83ec0000-7f4b84000000 rwxp 00000000 00:00 0 
7f4b84000000-7f4b84021000 rw-p 00000000 00:00 0 
7f4b84021000-7f4b88000000 ---p 00000000 00:00 0 
7f4b88000000-7f4b88021000 rw-p 00000000 00:00 0 
7f4b88021000-7f4b8c000000 ---p 00000000 00:00 0 
7f4b8c000000-7f4b8c021000 rw-p 00000000 00:00 0 
7f4b8c021000-7f4b90000000 ---p 00000000 00:00 0 
7f4b90000000-7f4b90021000 rw-p 00000000 00:00 0 
7f4b90021000-7f4b94000000 ---p 00000000 00:00 0 
7f4b94000000-7f4b942ae000 rw-p 00000000 00:00 0 
7f4b942ae000-7f4b98000000 ---p 00000000 00:00 0 
7f4b98000000-7f4b982f0000 rw-p 00000000 00:00 0 
7f4b982f0000-7f4b9c000000 ---p 00000000 00:00 0 
7f4b9c000000-7f4b9c021000 rw-p 00000000 00:00 0 
7f4b9c021000-7f4ba0000000 ---p 00000000 00:00 0 
7f4ba0000000-7f4ba0021000 rw-p 00000000 00:00 0 
7f4ba0021000-7f4ba4000000 ---p 00000000 00:00 0 
7f4ba4000000-7f4ba4021000 rw-p 00000000 00:00 0 
7f4ba4021000-7f4ba8000000 ---p 00000000 00:00 0 
7f4ba88eb000-7f4ba89eb000 rw-s 3ad6a000 00:05 16069                      /dev/ati/card0
7f4ba89eb000-7f4ba8beb000 rw-s 3ad65000 00:05 16069                      /dev/ati/card0
7f4ba8beb000-7f4ba8bfb000 r-xp 00000000 08:02 4721089                    /usr/lib/jvm/java-7-openjdk-amd64/jre/lib/amd64/libnio.so
7f4ba8bfb000-7f4ba8dfb000 ---p 00010000 08:02 4721089                    /usr/lib/jvm/java-7-openjdk-amd64/jre/lib/amd64/libnio.so
7f4ba8dfb000-7f4ba8dfc000 r--p 00010000 08:02 4721089                    /usr/lib/jvm/java-7-openjdk-amd64/jre/lib/amd64/libnio.so
7f4ba8dfc000-7f4ba8dfd000 rw-p 00011000 08:02 4721089                    /usr/lib/jvm/java-7-openjdk-amd64/jre/lib/amd64/libnio.so
7f4ba8dfd000-7f4ba8e14000 r-xp 00000000 08:02 4720946                    /usr/lib/jvm/java-7-openjdk-amd64/jre/lib/amd64/libnet.so
7f4ba8e14000-7f4ba9013000 ---p 00017000 08:02 4720946                    /usr/lib/jvm/java-7-openjdk-amd64/jre/lib/amd64/libnet.so
7f4ba9013000-7f4ba9014000 r--p 00016000 08:02 4720946                    /usr/lib/jvm/java-7-openjdk-amd64/jre/lib/amd64/libnet.so
7f4ba9014000-7f4ba9015000 rw-p 00017000 08:02 4720946                    /usr/lib/jvm/java-7-openjdk-amd64/jre/lib/amd64/libnet.so
7f4ba9015000-7f4ba9715000 rw-s 00006000 00:05 16069                      /dev/ati/card0
7f4ba9715000-7f4ba9789000 rw-p 00000000 00:00 0 
7f4ba982a000-7f4ba986a000 rw-s 0058d000 00:05 16069                      /dev/ati/card0
7f4ba986a000-7f4ba9aaa000 rw-p 00000000 00:00 0 
7f4ba9aaa000-7f4ba9aac000 r-xp 00000000 08:02 4594910                    /usr/lib/x86_64-linux-gnu/libXinerama.so.1.0.0
7f4ba9aac000-7f4ba9cab000 ---p 00002000 08:02 4594910                    /usr/lib/x86_64-linux-gnu/libXinerama.so.1.0.0
7f4ba9cab000-7f4ba9cac000 r--p 00001000 08:02 4594910                    /usr/lib/x86_64-linux-gnu/libXinerama.so.1.0.0
7f4ba9cac000-7f4ba9cad000 rw-p 00002000 08:02 4594910                    /usr/lib/x86_64-linux-gnu/libXinerama.so.1.0.0
7f4ba9cad000-7f4ba9d55000 r-xp 00000000 08:02 4987685                    /usr/lib/fglrx/libatiadlxx.so
7f4ba9d55000-7f4ba9e55000 ---p 000a8000 08:02 4987685                    /usr/lib/fglrx/libatiadlxx.so
7f4ba9e55000-7f4ba9e58000 rw-p 000a8000 08:02 4987685                    /usr/lib/fglrx/libatiadlxx.so
7f4ba9e58000-7f4ba9e68000 rw-p 00000000 00:00 0 
7f4ba9e68000-7f4ba9e78000 r-xp 00000000 08:02 4987693                    /usr/lib/fglrx/libatiuki.so.1.0
7f4ba9e78000-7f4ba9f77000 ---p 00010000 08:02 4987693                    /usr/lib/fglrx/libatiuki.so.1.0
7f4ba9f77000-7f4ba9f86000 rw-p 0000f000 08:02 4987693                    /usr/lib/fglrx/libatiuki.so.1.0
7f4ba9f86000-7f4ba9f87000 rw-p 00000000 00:00 0 
7f4ba9f87000-7f4baa027000 r-xp 00000000 08:02 4987688                    /usr/lib/fglrx/libGL.so.1.2
7f4baa027000-7f4baa127000 ---p 000a0000 08:02 4987688                    /usr/lib/fglrx/libGL.so.1.2
7f4baa127000-7f4baa15b000 rwxp 000a0000 08:02 4987688                    /usr/lib/fglrx/libGL.so.1.2
7f4baa15b000-7f4baa178000 rwxp 00000000 00:00 0 
7f4baa178000-7f4baa17c000 r-xp 00000000 08:02 4594936                    /usr/lib/x86_64-linux-gnu/libXxf86vm.so.1.0.0
7f4baa17c000-7f4baa37c000 ---p 00004000 08:02 4594936                    /usr/lib/x86_64-linux-gnu/libXxf86vm.so.1.0.0
7f4baa37c000-7f4baa37d000 r--p 00004000 08:02 4594936                    /usr/lib/x86_64-linux-gnu/libXxf86vm.so.1.0.0
7f4baa37d000-7f4baa37e000 rw-p 00005000 08:02 4594936                    /usr/lib/x86_64-linux-gnu/libXxf86vm.so.1.0.0
7f4baa37e000-7f4baa387000 r-xp 00000000 08:02 4594918                    /usr/lib/x86_64-linux-gnu/libXrandr.so.2.2.0
7f4baa387000-7f4baa586000 ---p 00009000 08:02 4594918                    /usr/lib/x86_64-linux-gnu/libXrandr.so.2.2.0
7f4baa586000-7f4baa587000 r--p 00008000 08:02 4594918                    /usr/lib/x86_64-linux-gnu/libXrandr.so.2.2.0
7f4baa587000-7f4baa588000 rw-p 00009000 08:02 4594918                    /usr/lib/x86_64-linux-gnu/libXrandr.so.2.2.0
7f4baa588000-7f4baa5f4000 r-xp 00000000 08:02 13631765                   /home/justin/Other/lwjgl-2.9.1/native/linux/liblwjgl64.so
7f4baa5f4000-7f4baa7f3000 ---p 0006c000 08:02 13631765                   /home/justin/Other/lwjgl-2.9.1/native/linux/liblwjgl64.so
7f4baa7f3000-7f4baa7f5000 r--p 0006b000 08:02 13631765                   /home/justin/Other/lwjgl-2.9.1/native/linux/liblwjgl64.so
7f4baa7f5000-7f4baa7f6000 rw-p 0006d000 08:02 13631765                   /home/justin/Other/lwjgl-2.9.1/native/linux/liblwjgl64.so
7f4baa7f6000-7f4baa7f7000 r-xp 00000000 08:02 4721101                    /usr/lib/jvm/java-7-openjdk-amd64/jre/lib/amd64/libjawt.so
7f4baa7f7000-7f4baa9f6000 ---p 00001000 08:02 4721101                    /usr/lib/jvm/java-7-openjdk-amd64/jre/lib/amd64/libjawt.so
7f4baa9f6000-7f4baa9f7000 r--p 00000000 08:02 4721101                    /usr/lib/jvm/java-7-openjdk-amd64/jre/lib/amd64/libjawt.so
7f4baa9f7000-7f4baa9f8000 rw-p 00001000 08:02 4721101                    /usr/lib/jvm/java-7-openjdk-amd64/jre/lib/amd64/libjawt.so
7f4baa9f8000-7f4baa9fd000 r-xp 00000000 08:02 4594902                    /usr/lib/x86_64-linux-gnu/libXfixes.so.3.1.0
7f4baa9fd000-7f4baabfc000 ---p 00005000 08:02 4594902                    /usr/lib/x86_64-linux-gnu/libXfixes.so.3.1.0
7f4baabfc000-7f4baabfd000 r--p 00004000 08:02 4594902                    /usr/lib/x86_64-linux-gnu/libXfixes.so.3.1.0
7f4baabfd000-7f4baabfe000 rw-p 00005000 08:02 4594902                    /usr/lib/x86_64-linux-gnu/libXfixes.so.3.1.0
7f4baabfe000-7f4baac07000 r-xp 00000000 08:02 4594894                    /usr/lib/x86_64-linux-gnu/libXcursor.so.1.0.2
7f4baac07000-7f4baae06000 ---p 00009000 08:02 4594894                    /usr/lib/x86_64-linux-gnu/libXcursor.so.1.0.2
7f4baae06000-7f4baae07000 r--p 00008000 08:02 4594894                    /usr/lib/x86_64-linux-gnu/libXcursor.so.1.0.2
7f4baae07000-7f4baae08000 rw-p 00009000 08:02 4594894                    /usr/lib/x86_64-linux-gnu/libXcursor.so.1.0.2
7f4baae08000-7f4baae0c000 r-xp 00000000 08:02 3936260                    /lib/x86_64-linux-gnu/libgpg-error.so.0.10.0
7f4baae0c000-7f4bab00b000 ---p 00004000 08:02 3936260                    /lib/x86_64-linux-gnu/libgpg-error.so.0.10.0
7f4bab00b000-7f4bab00c000 r--p 00003000 08:02 3936260                    /lib/x86_64-linux-gnu/libgpg-error.so.0.10.0
7f4bab00c000-7f4bab00d000 rw-p 00004000 08:02 3936260                    /lib/x86_64-linux-gnu/libgpg-error.so.0.10.0
7f4bab00d000-7f4bab00f000 r-xp 00000000 08:02 3936270                    /lib/x86_64-linux-gnu/libkeyutils.so.1.4
7f4bab00f000-7f4bab20f000 ---p 00002000 08:02 3936270                    /lib/x86_64-linux-gnu/libkeyutils.so.1.4
7f4bab20f000-7f4bab210000 r--p 00002000 08:02 3936270                    /lib/x86_64-linux-gnu/libkeyutils.so.1.4
7f4bab210000-7f4bab211000 rw-p 00003000 08:02 3936270                    /lib/x86_64-linux-gnu/libkeyutils.so.1.4
7f4bab211000-7f4bab24e000 r-xp 00000000 08:02 3936331                    /lib/x86_64-linux-gnu/libpcre.so.3.13.1
7f4bab24e000-7f4bab44d000 ---p 0003d000 08:02 3936331                    /lib/x86_64-linux-gnu/libpcre.so.3.13.1
7f4bab44d000-7f4bab44e000 r--p 0003c000 08:02 3936331                    /lib/x86_64-linux-gnu/libpcre.so.3.13.1
7f4bab44e000-7f4bab44f000 rw-p 0003d000 08:02 3936331                    /lib/x86_64-linux-gnu/libpcre.so.3.13.1
7f4bab44f000-7f4bab474000 r-xp 00000000 08:02 3936343                    /lib/x86_64-linux-gnu/libpng12.so.0.50.0
7f4bab474000-7f4bab673000 ---p 00025000 08:02 3936343                    /lib/x86_64-linux-gnu/libpng12.so.0.50.0
7f4bab673000-7f4bab674000 r--p 00024000 08:02 3936343                    /lib/x86_64-linux-gnu/libpng12.so.0.50.0
7f4bab674000-7f4bab675000 rw-p 00025000 08:02 3936343                    /lib/x86_64-linux-gnu/libpng12.so.0.50.0
7f4bab675000-7f4bab6b9000 r-xp 00000000 08:02 3933153                    /lib/x86_64-linux-gnu/libdbus-1.so.3.7.6
7f4bab6b9000-7f4bab8b8000 ---p 00044000 08:02 3933153                    /lib/x86_64-linux-gnu/libdbus-1.so.3.7.6
7f4bab8b8000-7f4bab8b9000 r--p 00043000 08:02 3933153                    /lib/x86_64-linux-gnu/libdbus-1.so.3.7.6
7f4bab8b9000-7f4bab8ba000 rw-p 00044000 08:02 3933153                    /lib/x86_64-linux-gnu/libdbus-1.so.3.7.6
7f4bab8ba000-7f4bab8f5000 r-xp 00000000 08:02 4595740                    /usr/lib/x86_64-linux-gnu/libp11-kit.so.0.0.0
7f4bab8f5000-7f4babaf4000 ---p 0003b000 08:02 4595740                    /usr/lib/x86_64-linux-gnu/libp11-kit.so.0.0.0
7f4babaf4000-7f4babafa000 r--p 0003a000 08:02 4595740                    /usr/lib/x86_64-linux-gnu/libp11-kit.so.0.0.0
7f4babafa000-7f4babafc000 rw-p 00040000 08:02 4595740                    /usr/lib/x86_64-linux-gnu/libp11-kit.so.0.0.0
7f4babafc000-7f4babb0e000 r-xp 00000000 08:02 4588220                    /usr/lib/x86_64-linux-gnu/libtasn1.so.6.2.0
7f4babb0e000-7f4babd0e000 ---p 00012000 08:02 4588220                    /usr/lib/x86_64-linux-gnu/libtasn1.so.6.2.0
7f4babd0e000-7f4babd0f000 r--p 00012000 08:02 4588220                    /usr/lib/x86_64-linux-gnu/libtasn1.so.6.2.0
7f4babd0f000-7f4babd10000 rw-p 00013000 08:02 4588220                    /usr/lib/x86_64-linux-gnu/libtasn1.so.6.2.0
7f4babd10000-7f4bb0000000 rw-p 00000000 00:00 0 
7f4bb0000000-7f4bb0021000 rw-p 00000000 00:00 0 
7f4bb0021000-7f4bb4000000 ---p 00000000 00:00 0 
7f4bb4000000-7f4bb4021000 rw-p 00000000 00:00 0 
7f4bb4021000-7f4bb8000000 ---p 00000000 00:00 0 
7f4bb8000000-7f4bb8021000 rw-p 00000000 00:00 0 
7f4bb8021000-7f4bbc000000 ---p 00000000 00:00 0 
7f4bbc005000-7f4bbc045000 rw-p 00000000 00:00 0 
7f4bbc045000-7f4bbc048000 ---p 00000000 00:00 0 
7f4bbc048000-7f4bbc146000 rw-p 00000000 00:00 0                          [stack:16648]
7f4bbc146000-7f4bbc1c2000 r-xp 00000000 08:02 3933160                    /lib/x86_64-linux-gnu/libgcrypt.so.11.8.2
7f4bbc1c2000-7f4bbc3c1000 ---p 0007c000 08:02 3933160                    /lib/x86_64-linux-gnu/libgcrypt.so.11.8.2
7f4bbc3c1000-7f4bbc3c2000 r--p 0007b000 08:02 3933160                    /lib/x86_64-linux-gnu/libgcrypt.so.11.8.2
7f4bbc3c2000-7f4bbc3c5000 rw-p 0007c000 08:02 3933160                    /lib/x86_64-linux-gnu/libgcrypt.so.11.8.2
7f4bbc3c5000-7f4bbc3cf000 r-xp 00000000 08:02 4593286                    /usr/lib/x86_64-linux-gnu/libkrb5support.so.0.1
7f4bbc3cf000-7f4bbc5ce000 ---p 0000a000 08:02 4593286                    /usr/lib/x86_64-linux-gnu/libkrb5support.so.0.1
7f4bbc5ce000-7f4bbc5cf000 r--p 00009000 08:02 4593286                    /usr/lib/x86_64-linux-gnu/libkrb5support.so.0.1
7f4bbc5cf000-7f4bbc5d0000 rw-p 0000a000 08:02 4593286                    /usr/lib/x86_64-linux-gnu/libkrb5support.so.0.1
7f4bbc5d0000-7f4bbc5d3000 r-xp 00000000 08:02 3936236                    /lib/x86_64-linux-gnu/libcom_err.so.2.1
7f4bbc5d3000-7f4bbc7d2000 ---p 00003000 08:02 3936236                    /lib/x86_64-linux-gnu/libcom_err.so.2.1
7f4bbc7d2000-7f4bbc7d3000 r--p 00002000 08:02 3936236                    /lib/x86_64-linux-gnu/libcom_err.so.2.1
7f4bbc7d3000-7f4bbc7d4000 rw-p 00003000 08:02 3936236                    /lib/x86_64-linux-gnu/libcom_err.so.2.1
7f4bbc7d4000-7f4bbc800000 r-xp 00000000 08:02 4591393                    /usr/lib/x86_64-linux-gnu/libk5crypto.so.3.1
7f4bbc800000-7f4bbc9ff000 ---p 0002c000 08:02 4591393                    /usr/lib/x86_64-linux-gnu/libk5crypto.so.3.1
7f4bbc9ff000-7f4bbca01000 r--p 0002b000 08:02 4591393                    /usr/lib/x86_64-linux-gnu/libk5crypto.so.3.1
7f4bbca01000-7f4bbca02000 rw-p 0002d000 08:02 4591393                    /usr/lib/x86_64-linux-gnu/libk5crypto.so.3.1
7f4bbca02000-7f4bbca03000 rw-p 00000000 00:00 0 
7f4bbca03000-7f4bbcabf000 r-xp 00000000 08:02 4593175                    /usr/lib/x86_64-linux-gnu/libkrb5.so.3.3
7f4bbcabf000-7f4bbccbf000 ---p 000bc000 08:02 4593175                    /usr/lib/x86_64-linux-gnu/libkrb5.so.3.3
7f4bbccbf000-7f4bbcccc000 r--p 000bc000 08:02 4593175                    /usr/lib/x86_64-linux-gnu/libkrb5.so.3.3
7f4bbcccc000-7f4bbccce000 rw-p 000c9000 08:02 4593175                    /usr/lib/x86_64-linux-gnu/libkrb5.so.3.3
7f4bbccce000-7f4bbccd3000 r-xp 00000000 08:02 4594898                    /usr/lib/x86_64-linux-gnu/libXdmcp.so.6.0.0
7f4bbccd3000-7f4bbced2000 ---p 00005000 08:02 4594898                    /usr/lib/x86_64-linux-gnu/libXdmcp.so.6.0.0
7f4bbced2000-7f4bbced3000 r--p 00004000 08:02 4594898                    /usr/lib/x86_64-linux-gnu/libXdmcp.so.6.0.0
7f4bbced3000-7f4bbced4000 rw-p 00005000 08:02 4594898                    /usr/lib/x86_64-linux-gnu/libXdmcp.so.6.0.0
7f4bbced4000-7f4bbced6000 r-xp 00000000 08:02 4594887                    /usr/lib/x86_64-linux-gnu/libXau.so.6.0.0
7f4bbced6000-7f4bbd0d6000 ---p 00002000 08:02 4594887                    /usr/lib/x86_64-linux-gnu/libXau.so.6.0.0
7f4bbd0d6000-7f4bbd0d7000 r--p 00002000 08:02 4594887                    /usr/lib/x86_64-linux-gnu/libXau.so.6.0.0
7f4bbd0d7000-7f4bbd0d8000 rw-p 00003000 08:02 4594887                    /usr/lib/x86_64-linux-gnu/libXau.so.6.0.0
7f4bbd0d8000-7f4bbd0df000 r-xp 00000000 08:02 4595200                    /usr/lib/x86_64-linux-gnu/libffi.so.6.0.1
7f4bbd0df000-7f4bbd2de000 ---p 00007000 08:02 4595200                    /usr/lib/x86_64-linux-gnu/libffi.so.6.0.1
7f4bbd2de000-7f4bbd2df000 r--p 00006000 08:02 4595200                    /usr/lib/x86_64-linux-gnu/libffi.so.6.0.1
7f4bbd2df000-7f4bbd2e0000 rw-p 00007000 08:02 4595200                    /usr/lib/x86_64-linux-gnu/libffi.so.6.0.1
7f4bbd2e0000-7f4bbd2f7000 r-xp 00000000 08:02 3936501                    /lib/x86_64-linux-gnu/libresolv-2.19.so
7f4bbd2f7000-7f4bbd4f7000 ---p 00017000 08:02 3936501                    /lib/x86_64-linux-gnu/libresolv-2.19.so
7f4bbd4f7000-7f4bbd4f8000 r--p 00017000 08:02 3936501                    /lib/x86_64-linux-gnu/libresolv-2.19.so
7f4bbd4f8000-7f4bbd4f9000 rw-p 00018000 08:02 3936501                    /lib/x86_64-linux-gnu/libresolv-2.19.so
7f4bbd4f9000-7f4bbd4fb000 rw-p 00000000 00:00 0 
7f4bbd4fb000-7f4bbd51b000 r-xp 00000000 08:02 3933175                    /lib/x86_64-linux-gnu/libselinux.so.1
7f4bbd51b000-7f4bbd71a000 ---p 00020000 08:02 3933175                    /lib/x86_64-linux-gnu/libselinux.so.1
7f4bbd71a000-7f4bbd71b000 r--p 0001f000 08:02 3933175                    /lib/x86_64-linux-gnu/libselinux.so.1
7f4bbd71b000-7f4bbd71c000 rw-p 00020000 08:02 3933175                    /lib/x86_64-linux-gnu/libselinux.so.1
7f4bbd71c000-7f4bbd71e000 rw-p 00000000 00:00 0 
7f4bbd71e000-7f4bbd824000 r-xp 00000000 08:02 3933162                    /lib/x86_64-linux-gnu/libglib-2.0.so.0.4002.0
7f4bbd824000-7f4bbda23000 ---p 00106000 08:02 3933162                    /lib/x86_64-linux-gnu/libglib-2.0.so.0.4002.0
7f4bbda23000-7f4bbda24000 r--p 00105000 08:02 3933162                    /lib/x86_64-linux-gnu/libglib-2.0.so.0.4002.0
7f4bbda24000-7f4bbda25000 rw-p 00106000 08:02 3933162                    /lib/x86_64-linux-gnu/libglib-2.0.so.0.4002.0
7f4bbda25000-7f4bbda26000 rw-p 00000000 00:00 0 
7f4bbda26000-7f4bbda29000 r-xp 00000000 08:02 4588031                    /usr/lib/x86_64-linux-gnu/libgmodule-2.0.so.0.4002.0
7f4bbda29000-7f4bbdc28000 ---p 00003000 08:02 4588031                    /usr/lib/x86_64-linux-gnu/libgmodule-2.0.so.0.4002.0
7f4bbdc28000-7f4bbdc29000 r--p 00002000 08:02 4588031                    /usr/lib/x86_64-linux-gnu/libgmodule-2.0.so.0.4002.0
7f4bbdc29000-7f4bbdc2a000 rw-p 00003000 08:02 4588031                    /usr/lib/x86_64-linux-gnu/libgmodule-2.0.so.0.4002.0
7f4bbdc2a000-7f4bbdc51000 r-xp 00000000 08:02 3936249                    /lib/x86_64-linux-gnu/libexpat.so.1.6.0
7f4bbdc51000-7f4bbde51000 ---p 00027000 08:02 3936249                    /lib/x86_64-linux-gnu/libexpat.so.1.6.0
7f4bbde51000-7f4bbde53000 r--p 00027000 08:02 3936249                    /lib/x86_64-linux-gnu/libexpat.so.1.6.0
7f4bbde53000-7f4bbde54000 rw-p 00029000 08:02 3936249                    /lib/x86_64-linux-gnu/libexpat.so.1.6.0
7f4bbde54000-7f4bbdef1000 r-xp 00000000 08:02 4588029                    /usr/lib/x86_64-linux-gnu/libfreetype.so.6.11.1
7f4bbdef1000-7f4bbe0f0000 ---p 0009d000 08:02 4588029                    /usr/lib/x86_64-linux-gnu/libfreetype.so.6.11.1
7f4bbe0f0000-7f4bbe0f6000 r--p 0009c000 08:02 4588029                    /usr/lib/x86_64-linux-gnu/libfreetype.so.6.11.1
7f4bbe0f6000-7f4bbe0f7000 rw-p 000a2000 08:02 4588029                    /usr/lib/x86_64-linux-gnu/libfreetype.so.6.11.1
7f4bbe0f7000-7f4bbe106000 r-xp 00000000 08:02 4594993                    /usr/lib/x86_64-linux-gnu/libavahi-client.so.3.2.9
7f4bbe106000-7f4bbe306000 ---p 0000f000 08:02 4594993                    /usr/lib/x86_64-linux-gnu/libavahi-client.so.3.2.9
7f4bbe306000-7f4bbe307000 r--p 0000f000 08:02 4594993                    /usr/lib/x86_64-linux-gnu/libavahi-client.so.3.2.9
7f4bbe307000-7f4bbe308000 rw-p 00010000 08:02 4594993                    /usr/lib/x86_64-linux-gnu/libavahi-client.so.3.2.9
7f4bbe308000-7f4bbe313000 r-xp 00000000 08:02 4594995                    /usr/lib/x86_64-linux-gnu/libavahi-common.so.3.5.3
7f4bbe313000-7f4bbe512000 ---p 0000b000 08:02 4594995                    /usr/lib/x86_64-linux-gnu/libavahi-common.so.3.5.3
7f4bbe512000-7f4bbe513000 r--p 0000a000 08:02 4594995                    /usr/lib/x86_64-linux-gnu/libavahi-common.so.3.5.3
7f4bbe513000-7f4bbe514000 rw-p 0000b000 08:02 4594995                    /usr/lib/x86_64-linux-gnu/libavahi-common.so.3.5.3
7f4bbe514000-7f4bbe5ca000 r-xp 00000000 08:02 4588918                    /usr/lib/x86_64-linux-gnu/libgnutls.so.26.22.6
7f4bbe5ca000-7f4bbe7ca000 ---p 000b6000 08:02 4588918                    /usr/lib/x86_64-linux-gnu/libgnutls.so.26.22.6
7f4bbe7ca000-7f4bbe7d0000 r--p 000b6000 08:02 4588918                    /usr/lib/x86_64-linux-gnu/libgnutls.so.26.22.6
7f4bbe7d0000-7f4bbe7d1000 rw-p 000bc000 08:02 4588918                    /usr/lib/x86_64-linux-gnu/libgnutls.so.26.22.6
7f4bbe7d1000-7f4bbe7d2000 rw-p 00000000 00:00 0 
7f4bbe7d2000-7f4bbe815000 r-xp 00000000 08:02 4592877                    /usr/lib/x86_64-linux-gnu/libgssapi_krb5.so.2.2
7f4bbe815000-7f4bbea15000 ---p 00043000 08:02 4592877                    /usr/lib/x86_64-linux-gnu/libgssapi_krb5.so.2.2
7f4bbea15000-7f4bbea16000 r--p 00043000 08:02 4592877                    /usr/lib/x86_64-linux-gnu/libgssapi_krb5.so.2.2
7f4bbea16000-7f4bbea18000 rw-p 00044000 08:02 4592877                    /usr/lib/x86_64-linux-gnu/libgssapi_krb5.so.2.2
7f4bbea18000-7f4bbea35000 r-xp 00000000 08:02 4596070                    /usr/lib/x86_64-linux-gnu/libxcb.so.1.1.0
7f4bbea35000-7f4bbec35000 ---p 0001d000 08:02 4596070                    /usr/lib/x86_64-linux-gnu/libxcb.so.1.1.0
7f4bbec35000-7f4bbec36000 r--p 0001d000 08:02 4596070                    /usr/lib/x86_64-linux-gnu/libxcb.so.1.1.0
7f4bbec36000-7f4bbec37000 rw-p 0001e000 08:02 4596070                    /usr/lib/x86_64-linux-gnu/libxcb.so.1.1.0
7f4bbec37000-7f4bbec86000 r-xp 00000000 08:02 4593152                    /usr/lib/x86_64-linux-gnu/libgobject-2.0.so.0.4002.0
7f4bbec86000-7f4bbee86000 ---p 0004f000 08:02 4593152                    /usr/lib/x86_64-linux-gnu/libgobject-2.0.so.0.4002.0
7f4bbee86000-7f4bbee87000 r--p 0004f000 08:02 4593152                    /usr/lib/x86_64-linux-gnu/libgobject-2.0.so.0.4002.0
7f4bbee87000-7f4bbee88000 rw-p 00050000 08:02 4593152                    /usr/lib/x86_64-linux-gnu/libgobject-2.0.so.0.4002.0
7f4bbee88000-7f4bbeff4000 r-xp 00000000 08:02 4593156                    /usr/lib/x86_64-linux-gnu/libgio-2.0.so.0.4002.0
7f4bbeff4000-7f4bbf1f3000 ---p 0016c000 08:02 4593156                    /usr/lib/x86_64-linux-gnu/libgio-2.0.so.0.4002.0
7f4bbf1f3000-7f4bbf1f7000 r--p 0016b000 08:02 4593156                    /usr/lib/x86_64-linux-gnu/libgio-2.0.so.0.4002.0
7f4bbf1f7000-7f4bbf1f9000 rw-p 0016f000 08:02 4593156                    /usr/lib/x86_64-linux-gnu/libgio-2.0.so.0.4002.0
7f4bbf1f9000-7f4bbf1fb000 rw-p 00000000 00:00 0 
7f4bbf1fb000-7f4bbf235000 r-xp 00000000 08:02 4587870                    /usr/lib/x86_64-linux-gnu/libfontconfig.so.1.8.0
7f4bbf235000-7f4bbf434000 ---p 0003a000 08:02 4587870                    /usr/lib/x86_64-linux-gnu/libfontconfig.so.1.8.0
7f4bbf434000-7f4bbf436000 r--p 00039000 08:02 4587870                    /usr/lib/x86_64-linux-gnu/libfontconfig.so.1.8.0
7f4bbf436000-7f4bbf437000 rw-p 0003b000 08:02 4587870                    /usr/lib/x86_64-linux-gnu/libfontconfig.so.1.8.0
7f4bbf437000-7f4bbf4a3000 r-xp 00000000 08:02 4591313                    /usr/lib/x86_64-linux-gnu/libcups.so.2
7f4bbf4a3000-7f4bbf6a3000 ---p 0006c000 08:02 4591313                    /usr/lib/x86_64-linux-gnu/libcups.so.2
7f4bbf6a3000-7f4bbf6aa000 r--p 0006c000 08:02 4591313                    /usr/lib/x86_64-linux-gnu/libcups.so.2
7f4bbf6aa000-7f4bbf6ab000 rw-p 00073000 08:02 4591313                    /usr/lib/x86_64-linux-gnu/libcups.so.2
7f4bbf6ab000-7f4bbf6ba000 r-xp 00000000 08:02 4594908                    /usr/lib/x86_64-linux-gnu/libXi.so.6.1.0
7f4bbf6ba000-7f4bbf8b9000 ---p 0000f000 08:02 4594908                    /usr/lib/x86_64-linux-gnu/libXi.so.6.1.0
7f4bbf8b9000-7f4bbf8ba000 r--p 0000e000 08:02 4594908                    /usr/lib/x86_64-linux-gnu/libXi.so.6.1.0
7f4bbf8ba000-7f4bbf8bb000 rw-p 0000f000 08:02 4594908                    /usr/lib/x86_64-linux-gnu/libXi.so.6.1.0
7f4bbf8bb000-7f4bbf8c0000 r-xp 00000000 08:02 4594926                    /usr/lib/x86_64-linux-gnu/libXtst.so.6.1.0
7f4bbf8c0000-7f4bbfabf000 ---p 00005000 08:02 4594926                    /usr/lib/x86_64-linux-gnu/libXtst.so.6.1.0
7f4bbfabf000-7f4bbfac0000 r--p 00004000 08:02 4594926                    /usr/lib/x86_64-linux-gnu/libXtst.so.6.1.0
7f4bbfac0000-7f4bbfac1000 rw-p 00005000 08:02 4594926                    /usr/lib/x86_64-linux-gnu/libXtst.so.6.1.0
7f4bbfac1000-7f4bbfaca000 r-xp 00000000 08:02 4594920                    /usr/lib/x86_64-linux-gnu/libXrender.so.1.3.0
7f4bbfaca000-7f4bbfcc9000 ---p 00009000 08:02 4594920                    /usr/lib/x86_64-linux-gnu/libXrender.so.1.3.0
7f4bbfcc9000-7f4bbfcca000 r--p 00008000 08:02 4594920                    /usr/lib/x86_64-linux-gnu/libXrender.so.1.3.0
7f4bbfcca000-7f4bbfccb000 rw-p 00009000 08:02 4594920                    /usr/lib/x86_64-linux-gnu/libXrender.so.1.3.0
7f4bbfccb000-7f4bbfdfb000 r-xp 00000000 08:02 4594883                    /usr/lib/x86_64-linux-gnu/libX11.so.6.3.0
7f4bbfdfb000-7f4bbfffb000 ---p 00130000 08:02 4594883                    /usr/lib/x86_64-linux-gnu/libX11.so.6.3.0
7f4bbfffb000-7f4bbfffc000 r--p 00130000 08:02 4594883                    /usr/lib/x86_64-linux-gnu/libX11.so.6.3.0
7f4bbfffc000-7f4bc0000000 rw-p 00131000 08:02 4594883                    /usr/lib/x86_64-linux-gnu/libX11.so.6.3.0
7f4bc0000000-7f4bc0021000 rw-p 00000000 00:00 0 
7f4bc0021000-7f4bc4000000 ---p 00000000 00:00 0 
7f4bc4000000-7f4bc4021000 rw-p 00000000 00:00 0 
7f4bc4021000-7f4bc8000000 ---p 00000000 00:00 0 
7f4bc8000000-7f4bc8021000 rw-p 00000000 00:00 0 
7f4bc8021000-7f4bcc000000 ---p 00000000 00:00 0 
7f4bcc000000-7f4bcc021000 rw-p 00000000 00:00 0 
7f4bcc021000-7f4bd0000000 ---p 00000000 00:00 0 
7f4bd0000000-7f4bd0021000 rw-p 00000000 00:00 0 
7f4bd0021000-7f4bd4000000 ---p 00000000 00:00 0 
7f4bd4000000-7f4bd4021000 rw-p 00000000 00:00 0 
7f4bd4021000-7f4bd8000000 ---p 00000000 00:00 0 
7f4bd8005000-7f4bd8008000 ---p 00000000 00:00 0 
7f4bd8008000-7f4bd803e000 rw-p 00000000 00:00 0                          [stack:16650]
7f4bd803e000-7f4bd8041000 ---p 00000000 00:00 0 
7f4bd8041000-7f4bd813f000 rw-p 00000000 00:00 0                          [stack:16647]
7f4bd813f000-7f4bd8150000 r-xp 00000000 08:02 4594900                    /usr/lib/x86_64-linux-gnu/libXext.so.6.4.0
7f4bd8150000-7f4bd834f000 ---p 00011000 08:02 4594900                    /usr/lib/x86_64-linux-gnu/libXext.so.6.4.0
7f4bd834f000-7f4bd8350000 r--p 00010000 08:02 4594900                    /usr/lib/x86_64-linux-gnu/libXext.so.6.4.0
7f4bd8350000-7f4bd8351000 rw-p 00011000 08:02 4594900                    /usr/lib/x86_64-linux-gnu/libXext.so.6.4.0
7f4bd8352000-7f4bd8372000 rw-s 00004000 00:05 16069                      /dev/ati/card0
7f4bd8372000-7f4bd83ba000 r-xp 00000000 08:02 4720718                    /usr/lib/jvm/java-7-openjdk-amd64/jre/lib/amd64/xawt/libmawt.so
7f4bd83ba000-7f4bd85b9000 ---p 00048000 08:02 4720718                    /usr/lib/jvm/java-7-openjdk-amd64/jre/lib/amd64/xawt/libmawt.so
7f4bd85b9000-7f4bd85ba000 r--p 00047000 08:02 4720718                    /usr/lib/jvm/java-7-openjdk-amd64/jre/lib/amd64/xawt/libmawt.so
7f4bd85ba000-7f4bd85bd000 rw-p 00048000 08:02 4720718                    /usr/lib/jvm/java-7-openjdk-amd64/jre/lib/amd64/xawt/libmawt.so
7f4bd85bd000-7f4bd85be000 rw-p 00000000 00:00 0 
7f4bd85be000-7f4bd865e000 r-xp 00000000 08:02 4721100                    /usr/lib/jvm/java-7-openjdk-amd64/jre/lib/amd64/libawt.so
7f4bd865e000-7f4bd885e000 ---p 000a0000 08:02 4721100                    /usr/lib/jvm/java-7-openjdk-amd64/jre/lib/amd64/libawt.so
7f4bd885e000-7f4bd885f000 r--p 000a0000 08:02 4721100                    /usr/lib/jvm/java-7-openjdk-amd64/jre/lib/amd64/libawt.so
7f4bd885f000-7f4bd886a000 rw-p 000a1000 08:02 4721100                    /usr/lib/jvm/java-7-openjdk-amd64/jre/lib/amd64/libawt.so
7f4bd886a000-7f4bd888f000 rw-p 00000000 00:00 0 
7f4bd888f000-7f4bd8890000 ---p 00000000 00:00 0 
7f4bd8890000-7f4bd8990000 rw-p 00000000 00:00 0                          [stack:16646]
7f4bd8990000-7f4bd8993000 ---p 00000000 00:00 0 
7f4bd8993000-7f4bd8a91000 rw-p 00000000 00:00 0                          [stack:16645]
7f4bd8a91000-7f4bd8a94000 ---p 00000000 00:00 0 
7f4bd8a94000-7f4bd8b92000 rw-p 00000000 00:00 0                          [stack:16644]
7f4bd8b92000-7f4bd8b95000 ---p 00000000 00:00 0 
7f4bd8b95000-7f4bd8c93000 rw-p 00000000 00:00 0                          [stack:16643]
7f4bd8c93000-7f4bd8c96000 ---p 00000000 00:00 0 
7f4bd8c96000-7f4bd8d94000 rw-p 00000000 00:00 0                          [stack:16642]
7f4bd8d94000-7f4bd905d000 r--p 00000000 08:02 4593586                    /usr/lib/locale/locale-archive
7f4bd905d000-7f4bd9060000 ---p 00000000 00:00 0 
7f4bd9060000-7f4bd915e000 rw-p 00000000 00:00 0                          [stack:16641]
7f4bd915e000-7f4bd9161000 ---p 00000000 00:00 0 
7f4bd9161000-7f4bd925f000 rw-p 00000000 00:00 0                          [stack:16640]
7f4bd925f000-7f4bd9260000 ---p 00000000 00:00 0 
7f4bd9260000-7f4bdafed000 rw-p 00000000 00:00 0                          [stack:16639]
7f4bdafed000-7f4bdb19e000 r--s 01d25000 08:02 4721140                    /usr/lib/jvm/java-7-openjdk-amd64/jre/lib/rt.jar
7f4bdb19e000-7f4bdb6f0000 rw-p 00000000 00:00 0 
7f4bdb6f0000-7f4bdb6f1000 ---p 00000000 00:00 0 
7f4bdb6f1000-7f4bdb7f1000 rw-p 00000000 00:00 0                          [stack:16638]
7f4bdb7f1000-7f4bdb7f2000 ---p 00000000 00:00 0 
7f4bdb7f2000-7f4bdb8f2000 rw-p 00000000 00:00 0                          [stack:16637]
7f4bdb8f2000-7f4bdb8f3000 ---p 00000000 00:00 0 
7f4bdb8f3000-7f4bdb9f3000 rw-p 00000000 00:00 0                          [stack:16636]
7f4bdb9f3000-7f4bdb9f4000 ---p 00000000 00:00 0 
7f4bdb9f4000-7f4bdbaf4000 rw-p 00000000 00:00 0                          [stack:16635]
7f4bdbaf4000-7f4bdbaf5000 ---p 00000000 00:00 0 
7f4bdbaf5000-7f4bdbbf5000 rw-p 00000000 00:00 0                          [stack:16634]
7f4bdbbf5000-7f4bdbbf6000 ---p 00000000 00:00 0 
7f4bdbbf6000-7f4bdbcf6000 rw-p 00000000 00:00 0                          [stack:16633]
7f4bdbcf6000-7f4bdbcf7000 ---p 00000000 00:00 0 
7f4bdbcf7000-7f4bdbdf7000 rw-p 00000000 00:00 0                          [stack:16632]
7f4bdbdf7000-7f4bdbdf8000 ---p 00000000 00:00 0 
7f4bdbdf8000-7f4bdbf21000 rw-p 00000000 00:00 0                          [stack:16631]
7f4bdbf21000-7f4bdc18b000 rw-p 00000000 00:00 0 
7f4bdc18b000-7f4bdc196000 rw-p 00000000 00:00 0 
7f4bdc196000-7f4bdc1de000 rw-p 00000000 00:00 0 
7f4bdc1de000-7f4bdc207000 rw-p 00000000 00:00 0 
7f4bdc207000-7f4bdc470000 rw-p 00000000 00:00 0 
7f4bdc470000-7f4bdc495000 rw-p 00000000 00:00 0 
7f4bdc495000-7f4bdc5ba000 rw-p 00000000 00:00 0 
7f4bdc5ba000-7f4bdc5bb000 rw-p 00000000 00:00 0 
7f4bdc5bb000-7f4bdc82b000 rwxp 00000000 00:00 0 
7f4bdc82b000-7f4bdf5bb000 rw-p 00000000 00:00 0 
7f4bdf5bb000-7f4bdf5c3000 r-xp 00000000 08:02 4720864                    /usr/lib/jvm/java-7-openjdk-amd64/jre/lib/amd64/libzip.so
7f4bdf5c3000-7f4bdf7c2000 ---p 00008000 08:02 4720864                    /usr/lib/jvm/java-7-openjdk-amd64/jre/lib/amd64/libzip.so
7f4bdf7c2000-7f4bdf7c3000 r--p 00007000 08:02 4720864                    /usr/lib/jvm/java-7-openjdk-amd64/jre/lib/amd64/libzip.so
7f4bdf7c3000-7f4bdf7c4000 rw-p 00008000 08:02 4720864                    /usr/lib/jvm/java-7-openjdk-amd64/jre/lib/amd64/libzip.so
7f4bdf7c4000-7f4bdf7cf000 r-xp 00000000 08:02 3936515                    /lib/x86_64-linux-gnu/libnss_files-2.19.so
7f4bdf7cf000-7f4bdf9ce000 ---p 0000b000 08:02 3936515                    /lib/x86_64-linux-gnu/libnss_files-2.19.so
7f4bdf9ce000-7f4bdf9cf000 r--p 0000a000 08:02 3936515                    /lib/x86_64-linux-gnu/libnss_files-2.19.so
7f4bdf9cf000-7f4bdf9d0000 rw-p 0000b000 08:02 3936515                    /lib/x86_64-linux-gnu/libnss_files-2.19.so
7f4bdf9d0000-7f4bdf9db000 r-xp 00000000 08:02 3936516                    /lib/x86_64-linux-gnu/libnss_nis-2.19.so
7f4bdf9db000-7f4bdfbda000 ---p 0000b000 08:02 3936516                    /lib/x86_64-linux-gnu/libnss_nis-2.19.so
7f4bdfbda000-7f4bdfbdb000 r--p 0000a000 08:02 3936516                    /lib/x86_64-linux-gnu/libnss_nis-2.19.so
7f4bdfbdb000-7f4bdfbdc000 rw-p 0000b000 08:02 3936516                    /lib/x86_64-linux-gnu/libnss_nis-2.19.so
7f4bdfbdc000-7f4bdfbf3000 r-xp 00000000 08:02 3936502                    /lib/x86_64-linux-gnu/libnsl-2.19.so
7f4bdfbf3000-7f4bdfdf2000 ---p 00017000 08:02 3936502                    /lib/x86_64-linux-gnu/libnsl-2.19.so
7f4bdfdf2000-7f4bdfdf3000 r--p 00016000 08:02 3936502                    /lib/x86_64-linux-gnu/libnsl-2.19.so
7f4bdfdf3000-7f4bdfdf4000 rw-p 00017000 08:02 3936502                    /lib/x86_64-linux-gnu/libnsl-2.19.so
7f4bdfdf4000-7f4bdfdf6000 rw-p 00000000 00:00 0 
7f4bdfdf6000-7f4bdfdff000 r-xp 00000000 08:02 3932175                    /lib/x86_64-linux-gnu/libnss_compat-2.19.so
7f4bdfdff000-7f4bdfffe000 ---p 00009000 08:02 3932175                    /lib/x86_64-linux-gnu/libnss_compat-2.19.so
7f4bdfffe000-7f4bdffff000 r--p 00008000 08:02 3932175                    /lib/x86_64-linux-gnu/libnss_compat-2.19.so
7f4bdffff000-7f4be0000000 rw-p 00009000 08:02 3932175                    /lib/x86_64-linux-gnu/libnss_compat-2.19.so
7f4be0000000-7f4be1447000 rw-p 00000000 00:00 0 
7f4be1447000-7f4be4000000 ---p 00000000 00:00 0 
7f4be400f000-7f4be4016000 r--s 00000000 08:02 5118409                    /usr/lib/x86_64-linux-gnu/gconv/gconv-modules.cache
7f4be4016000-7f4be401f000 r--s 000b9000 08:02 4720762                    /usr/lib/jvm/java-7-openjdk-amd64/jre/lib/resources.jar
7f4be401f000-7f4be402a000 rw-p 00000000 00:00 0 
7f4be402a000-7f4be4072000 rw-p 00000000 00:00 0 
7f4be4072000-7f4be409d000 r-xp 00000000 08:02 4720934                    /usr/lib/jvm/java-7-openjdk-amd64/jre/lib/amd64/libjava.so
7f4be409d000-7f4be429c000 ---p 0002b000 08:02 4720934                    /usr/lib/jvm/java-7-openjdk-amd64/jre/lib/amd64/libjava.so
7f4be429c000-7f4be429d000 r--p 0002a000 08:02 4720934                    /usr/lib/jvm/java-7-openjdk-amd64/jre/lib/amd64/libjava.so
7f4be429d000-7f4be429f000 rw-p 0002b000 08:02 4720934                    /usr/lib/jvm/java-7-openjdk-amd64/jre/lib/amd64/libjava.so
7f4be429f000-7f4be42af000 r-xp 00000000 08:02 4721088                    /usr/lib/jvm/java-7-openjdk-amd64/jre/lib/amd64/libverify.so
7f4be42af000-7f4be44ae000 ---p 00010000 08:02 4721088                    /usr/lib/jvm/java-7-openjdk-amd64/jre/lib/amd64/libverify.so
7f4be44ae000-7f4be44b0000 r--p 0000f000 08:02 4721088                    /usr/lib/jvm/java-7-openjdk-amd64/jre/lib/amd64/libverify.so
7f4be44b0000-7f4be44b1000 rw-p 00011000 08:02 4721088                    /usr/lib/jvm/java-7-openjdk-amd64/jre/lib/amd64/libverify.so
7f4be44b1000-7f4be44b8000 r-xp 00000000 08:02 3936504                    /lib/x86_64-linux-gnu/librt-2.19.so
7f4be44b8000-7f4be46b7000 ---p 00007000 08:02 3936504                    /lib/x86_64-linux-gnu/librt-2.19.so
7f4be46b7000-7f4be46b8000 r--p 00006000 08:02 3936504                    /lib/x86_64-linux-gnu/librt-2.19.so
7f4be46b8000-7f4be46b9000 rw-p 00007000 08:02 3936504                    /lib/x86_64-linux-gnu/librt-2.19.so
7f4be46b9000-7f4be46cf000 r-xp 00000000 08:02 3933123                    /lib/x86_64-linux-gnu/libgcc_s.so.1
7f4be46cf000-7f4be48ce000 ---p 00016000 08:02 3933123                    /lib/x86_64-linux-gnu/libgcc_s.so.1
7f4be48ce000-7f4be48cf000 rw-p 00015000 08:02 3933123                    /lib/x86_64-linux-gnu/libgcc_s.so.1
7f4be48cf000-7f4be49d4000 r-xp 00000000 08:02 3936511                    /lib/x86_64-linux-gnu/libm-2.19.so
7f4be49d4000-7f4be4bd3000 ---p 00105000 08:02 3936511                    /lib/x86_64-linux-gnu/libm-2.19.so
7f4be4bd3000-7f4be4bd4000 r--p 00104000 08:02 3936511                    /lib/x86_64-linux-gnu/libm-2.19.so
7f4be4bd4000-7f4be4bd5000 rw-p 00105000 08:02 3936511                    /lib/x86_64-linux-gnu/libm-2.19.so
7f4be4bd5000-7f4be4cbb000 r-xp 00000000 08:02 4595911                    /usr/lib/x86_64-linux-gnu/libstdc++.so.6.0.19
7f4be4cbb000-7f4be4eba000 ---p 000e6000 08:02 4595911                    /usr/lib/x86_64-linux-gnu/libstdc++.so.6.0.19
7f4be4eba000-7f4be4ec2000 r--p 000e5000 08:02 4595911                    /usr/lib/x86_64-linux-gnu/libstdc++.so.6.0.19
7f4be4ec2000-7f4be4ec4000 rw-p 000ed000 08:02 4595911                    /usr/lib/x86_64-linux-gnu/libstdc++.so.6.0.19
7f4be4ec4000-7f4be4ed9000 rw-p 00000000 00:00 0 
7f4be4ed9000-7f4be59ef000 r-xp 00000000 08:02 4721094                    /usr/lib/jvm/java-7-openjdk-amd64/jre/lib/amd64/server/libjvm.so
7f4be59ef000-7f4be5bee000 ---p 00b16000 08:02 4721094                    /usr/lib/jvm/java-7-openjdk-amd64/jre/lib/amd64/server/libjvm.so
7f4be5bee000-7f4be5c88000 r--p 00b15000 08:02 4721094                    /usr/lib/jvm/java-7-openjdk-amd64/jre/lib/amd64/server/libjvm.so
7f4be5c88000-7f4be5cab000 rw-p 00baf000 08:02 4721094                    /usr/lib/jvm/java-7-openjdk-amd64/jre/lib/amd64/server/libjvm.so
7f4be5cab000-7f4be5cd9000 rw-p 00000000 00:00 0 
7f4be5cd9000-7f4be5cf1000 r-xp 00000000 08:02 3936391                    /lib/x86_64-linux-gnu/libz.so.1.2.8
7f4be5cf1000-7f4be5ef0000 ---p 00018000 08:02 3936391                    /lib/x86_64-linux-gnu/libz.so.1.2.8
7f4be5ef0000-7f4be5ef1000 r--p 00017000 08:02 3936391                    /lib/x86_64-linux-gnu/libz.so.1.2.8
7f4be5ef1000-7f4be5ef2000 rw-p 00018000 08:02 3936391                    /lib/x86_64-linux-gnu/libz.so.1.2.8
7f4be5ef2000-7f4be5f0b000 r-xp 00000000 08:02 3936521                    /lib/x86_64-linux-gnu/libpthread-2.19.so
7f4be5f0b000-7f4be610a000 ---p 00019000 08:02 3936521                    /lib/x86_64-linux-gnu/libpthread-2.19.so
7f4be610a000-7f4be610b000 r--p 00018000 08:02 3936521                    /lib/x86_64-linux-gnu/libpthread-2.19.so
7f4be610b000-7f4be610c000 rw-p 00019000 08:02 3936521                    /lib/x86_64-linux-gnu/libpthread-2.19.so
7f4be610c000-7f4be6110000 rw-p 00000000 00:00 0 
7f4be6110000-7f4be6113000 r-xp 00000000 08:02 3936520                    /lib/x86_64-linux-gnu/libdl-2.19.so
7f4be6113000-7f4be6312000 ---p 00003000 08:02 3936520                    /lib/x86_64-linux-gnu/libdl-2.19.so
7f4be6312000-7f4be6313000 r--p 00002000 08:02 3936520                    /lib/x86_64-linux-gnu/libdl-2.19.so
7f4be6313000-7f4be6314000 rw-p 00003000 08:02 3936520                    /lib/x86_64-linux-gnu/libdl-2.19.so
7f4be6314000-7f4be64cf000 r-xp 00000000 08:02 3936508                    /lib/x86_64-linux-gnu/libc-2.19.so
7f4be64cf000-7f4be66cf000 ---p 001bb000 08:02 3936508                    /lib/x86_64-linux-gnu/libc-2.19.so
7f4be66cf000-7f4be66d3000 r--p 001bb000 08:02 3936508                    /lib/x86_64-linux-gnu/libc-2.19.so
7f4be66d3000-7f4be66d5000 rw-p 001bf000 08:02 3936508                    /lib/x86_64-linux-gnu/libc-2.19.so
7f4be66d5000-7f4be66da000 rw-p 00000000 00:00 0 
7f4be66da000-7f4be66e7000 r-xp 00000000 08:02 4720908                    /usr/lib/jvm/java-7-openjdk-amd64/jre/lib/amd64/jli/libjli.so
7f4be66e7000-7f4be68e6000 ---p 0000d000 08:02 4720908                    /usr/lib/jvm/java-7-openjdk-amd64/jre/lib/amd64/jli/libjli.so
7f4be68e6000-7f4be68e7000 r--p 0000c000 08:02 4720908                    /usr/lib/jvm/java-7-openjdk-amd64/jre/lib/amd64/jli/libjli.so
7f4be68e7000-7f4be68e8000 rw-p 0000d000 08:02 4720908                    /usr/lib/jvm/java-7-openjdk-amd64/jre/lib/amd64/jli/libjli.so
7f4be68e8000-7f4be690b000 r-xp 00000000 08:02 3936509                    /lib/x86_64-linux-gnu/ld-2.19.so
7f4be690b000-7f4be690e000 rw-p 00000000 00:00 0 
7f4be690e000-7f4be690f000 rw-s 00000000 00:14 134575194                  /run/shm/sem.__AMD_GL_CACHE__05ba96eaa344c23c_21
7f4be690f000-7f4be6913000 r--s 00027000 08:02 13631759                   /home/justin/Other/lwjgl-2.9.1/jar/lwjgl_util.jar
7f4be6913000-7f4be6921000 r--s 000ea000 08:02 13631757                   /home/justin/Other/lwjgl-2.9.1/jar/lwjgl.jar
7f4be6921000-7f4be692b000 rw-p 00000000 00:00 0 
7f4be692b000-7f4be69e1000 rw-p 00000000 00:00 0 
7f4be69e1000-7f4be69e4000 ---p 00000000 00:00 0 
7f4be69e4000-7f4be6ae7000 rw-p 00000000 00:00 0                          [stack:16630]
7f4be6ae7000-7f4be6ae8000 rw-s 00005000 00:05 16069                      /dev/ati/card0
7f4be6ae8000-7f4be6aea000 rw-s 00002000 00:05 16069                      /dev/ati/card0
7f4be6aea000-7f4be6aeb000 r--s 00002000 08:02 4721139                    /usr/lib/jvm/java-7-openjdk-amd64/jre/lib/ext/dnsns.jar
7f4be6aeb000-7f4be6aee000 r--s 0000f000 08:02 4721132                    /usr/lib/jvm/java-7-openjdk-amd64/jre/lib/ext/icedtea-sound.jar
7f4be6aee000-7f4be6af2000 r--s 00085000 08:02 4721135                    /usr/lib/jvm/java-7-openjdk-amd64/jre/lib/ext/localedata.jar
7f4be6af2000-7f4be6af6000 r--s 0003c000 08:02 4721134                    /usr/lib/jvm/java-7-openjdk-amd64/jre/lib/ext/sunpkcs11.jar
7f4be6af6000-7f4be6afa000 r--s 00034000 08:02 4721138                    /usr/lib/jvm/java-7-openjdk-amd64/jre/lib/ext/sunjce_provider.jar
7f4be6afa000-7f4be6afc000 r--s 00012000 08:02 4721133                    /usr/lib/jvm/java-7-openjdk-amd64/jre/lib/ext/zipfs.jar
7f4be6afc000-7f4be6afe000 r--s 00006000 08:02 5116616                    /usr/share/java/java-atk-wrapper.jar
7f4be6afe000-7f4be6b06000 rw-s 00000000 08:02 10748628                   /tmp/hsperfdata_justin/16625
7f4be6b06000-7f4be6b07000 rw-p 00000000 00:00 0 
7f4be6b07000-7f4be6b08000 r--p 00000000 00:00 0 
7f4be6b08000-7f4be6b0a000 rw-p 00000000 00:00 0 
7f4be6b0a000-7f4be6b0b000 r--p 00022000 08:02 3936509                    /lib/x86_64-linux-gnu/ld-2.19.so
7f4be6b0b000-7f4be6b0c000 rw-p 00023000 08:02 3936509                    /lib/x86_64-linux-gnu/ld-2.19.so
7f4be6b0c000-7f4be6b0d000 rw-p 00000000 00:00 0 
7fff9a496000-7fff9a4b7000 rw-p 00000000 00:00 0                          [stack]
7fff9a50d000-7fff9a50f000 r-xp 00000000 00:00 0                          [vdso]
ffffffffff600000-ffffffffff601000 r-xp 00000000 00:00 0                  [vsyscall]

VM Arguments:
jvm_args: -Djava.library.path=/home/justin/Other/lwjgl-2.9.1/native/linux -Dfile.encoding=UTF-8 
java_command: com.AtomicGE.main.Main
Launcher Type: SUN_STANDARD

Environment Variables:
PATH=/usr/local/sbin:/usr/local/bin:/usr/sbin:/usr/bin:/sbin:/bin:/usr/games:/usr/local/games
USERNAME=justin
SHELL=/bin/bash
DISPLAY=:0.0

Signal Handlers:
SIGSEGV: [libjvm.so+0x9495e0], sa_mask[0]=0x7ffbfeff, sa_flags=0x10000004
SIGBUS: [libjvm.so+0x9495e0], sa_mask[0]=0x7ffbfeff, sa_flags=0x10000004
SIGFPE: [libjvm.so+0x7c3410], sa_mask[0]=0x7ffbfeff, sa_flags=0x10000004
SIGPIPE: [libjvm.so+0x7c3410], sa_mask[0]=0x7ffbfeff, sa_flags=0x10000004
SIGXFSZ: [libjvm.so+0x7c3410], sa_mask[0]=0x7ffbfeff, sa_flags=0x10000004
SIGILL: [libjvm.so+0x7c3410], sa_mask[0]=0x7ffbfeff, sa_flags=0x10000004
SIGUSR1: SIG_DFL, sa_mask[0]=0x00000000, sa_flags=0x00000000
SIGUSR2: [libjvm.so+0x7c32b0], sa_mask[0]=0x00000004, sa_flags=0x10000004
SIGHUP: [libjvm.so+0x7c3490], sa_mask[0]=0x7ffbfeff, sa_flags=0x10000004
SIGINT: [libjvm.so+0x7c3490], sa_mask[0]=0x7ffbfeff, sa_flags=0x10000004
SIGTERM: [libjvm.so+0x7c3490], sa_mask[0]=0x7ffbfeff, sa_flags=0x10000004
SIGQUIT: [libjvm.so+0x7c3490], sa_mask[0]=0x7ffbfeff, sa_flags=0x10000004
SIGTRAP: SIG_DFL, sa_mask[0]=0x00000000, sa_flags=0x00000000


---------------  S Y S T E M  ---------------

OS:LinuxMint 17 (qiana)
uname:Linux 3.13.0-24-generic #47-Ubuntu SMP Fri May 2 23:30:00 UTC 2014 x86_64
libc:glibc 2.19 NPTL 2.19 
rlimit: STACK 8192k, CORE 0k, NPROC 62945, NOFILE 4096, AS infinity
load average:0.98 0.63 0.59

/proc/meminfo:
MemTotal:        8086100 kB
MemFree:          883012 kB
Buffers:          139744 kB
Cached:          3155792 kB
SwapCached:         8900 kB
Active:          2949944 kB
Inactive:        2676544 kB
Active(anon):    1532512 kB
Inactive(anon):   862048 kB
Active(file):    1417432 kB
Inactive(file):  1814496 kB
Unevictable:         256 kB
Mlocked:             256 kB
SwapTotal:       8296444 kB
SwapFree:        8224724 kB
Dirty:               528 kB
Writeback:             0 kB
AnonPages:       2323068 kB
Mapped:           316504 kB
Shmem:             63608 kB
Slab:             349520 kB
SReclaimable:     219484 kB
SUnreclaim:       130036 kB
KernelStack:        4392 kB
PageTables:        26296 kB
NFS_Unstable:          0 kB
Bounce:                0 kB
WritebackTmp:          0 kB
CommitLimit:    12339492 kB
Committed_AS:    4648684 kB
VmallocTotal:   34359738367 kB
VmallocUsed:      223004 kB
VmallocChunk:   34359495844 kB
HardwareCorrupted:     0 kB
AnonHugePages:    987136 kB
HugePages_Total:       0
HugePages_Free:        0
HugePages_Rsvd:        0
HugePages_Surp:        0
Hugepagesize:       2048 kB
DirectMap4k:     7599916 kB
DirectMap2M:      698368 kB


CPU:total 8 (4 cores per cpu, 2 threads per core) family 6 model 42 stepping 7, cmov, cx8, fxsr, mmx, sse, sse2, sse3, ssse3, sse4.1, sse4.2, popcnt, avx, ht, tsc, tscinvbit

/proc/cpuinfo:
processor	: 0
vendor_id	: GenuineIntel
cpu family	: 6
model		: 42
model name	: Intel(R) Core(TM) i7-2635QM CPU @ 2.00GHz
stepping	: 7
microcode	: 0x14
cpu MHz		: 2001.000
cache size	: 6144 KB
physical id	: 0
siblings	: 8
core id		: 0
cpu cores	: 4
apicid		: 0
initial apicid	: 0
fpu		: yes
fpu_exception	: yes
cpuid level	: 13
wp		: yes
flags		: fpu vme de pse tsc msr pae mce cx8 apic sep mtrr pge mca cmov pat pse36 clflush dts acpi mmx fxsr sse sse2 ss ht tm pbe syscall nx rdtscp lm constant_tsc arch_perfmon pebs bts rep_good nopl xtopology nonstop_tsc aperfmperf eagerfpu pni pclmulqdq dtes64 monitor ds_cpl vmx est tm2 ssse3 cx16 xtpr pdcm pcid sse4_1 sse4_2 x2apic popcnt tsc_deadline_timer xsave avx lahf_lm ida arat xsaveopt pln pts dtherm tpr_shadow vnmi flexpriority ept vpid
bogomips	: 3991.01
clflush size	: 64
cache_alignment	: 64
address sizes	: 36 bits physical, 48 bits virtual
power management:

processor	: 1
vendor_id	: GenuineIntel
cpu family	: 6
model		: 42
model name	: Intel(R) Core(TM) i7-2635QM CPU @ 2.00GHz
stepping	: 7
microcode	: 0x14
cpu MHz		: 1300.000
cache size	: 6144 KB
physical id	: 0
siblings	: 8
core id		: 1
cpu cores	: 4
apicid		: 2
initial apicid	: 2
fpu		: yes
fpu_exception	: yes
cpuid level	: 13
wp		: yes
flags		: fpu vme de pse tsc msr pae mce cx8 apic sep mtrr pge mca cmov pat pse36 clflush dts acpi mmx fxsr sse sse2 ss ht tm pbe syscall nx rdtscp lm constant_tsc arch_perfmon pebs bts rep_good nopl xtopology nonstop_tsc aperfmperf eagerfpu pni pclmulqdq dtes64 monitor ds_cpl vmx est tm2 ssse3 cx16 xtpr pdcm pcid sse4_1 sse4_2 x2apic popcnt tsc_deadline_timer xsave avx lahf_lm ida arat xsaveopt pln pts dtherm tpr_shadow vnmi flexpriority ept vpid
bogomips	: 3991.01
clflush size	: 64
cache_alignment	: 64
address sizes	: 36 bits physical, 48 bits virtual
power management:

processor	: 2
vendor_id	: GenuineIntel
cpu family	: 6
model		: 42
model name	: Intel(R) Core(TM) i7-2635QM CPU @ 2.00GHz
stepping	: 7
microcode	: 0x14
cpu MHz		: 2001.000
cache size	: 6144 KB
physical id	: 0
siblings	: 8
core id		: 2
cpu cores	: 4
apicid		: 4
initial apicid	: 4
fpu		: yes
fpu_exception	: yes
cpuid level	: 13
wp		: yes
flags		: fpu vme de pse tsc msr pae mce cx8 apic sep mtrr pge mca cmov pat pse36 clflush dts acpi mmx fxsr sse sse2 ss ht tm pbe syscall nx rdtscp lm constant_tsc arch_perfmon pebs bts rep_good nopl xtopology nonstop_tsc aperfmperf eagerfpu pni pclmulqdq dtes64 monitor ds_cpl vmx est tm2 ssse3 cx16 xtpr pdcm pcid sse4_1 sse4_2 x2apic popcnt tsc_deadline_timer xsave avx lahf_lm ida arat xsaveopt pln pts dtherm tpr_shadow vnmi flexpriority ept vpid
bogomips	: 3991.01
clflush size	: 64
cache_alignment	: 64
address sizes	: 36 bits physical, 48 bits virtual
power management:

processor	: 3
vendor_id	: GenuineIntel
cpu family	: 6
model		: 42
model name	: Intel(R) Core(TM) i7-2635QM CPU @ 2.00GHz
stepping	: 7
microcode	: 0x14
cpu MHz		: 2001.000
cache size	: 6144 KB
physical id	: 0
siblings	: 8
core id		: 3
cpu cores	: 4
apicid		: 6
initial apicid	: 6
fpu		: yes
fpu_exception	: yes
cpuid level	: 13
wp		: yes
flags		: fpu vme de pse tsc msr pae mce cx8 apic sep mtrr pge mca cmov pat pse36 clflush dts acpi mmx fxsr sse sse2 ss ht tm pbe syscall nx rdtscp lm constant_tsc arch_perfmon pebs bts rep_good nopl xtopology nonstop_tsc aperfmperf eagerfpu pni pclmulqdq dtes64 monitor ds_cpl vmx est tm2 ssse3 cx16 xtpr pdcm pcid sse4_1 sse4_2 x2apic popcnt tsc_deadline_timer xsave avx lahf_lm ida arat xsaveopt pln pts dtherm tpr_shadow vnmi flexpriority ept vpid
bogomips	: 3991.01
clflush size	: 64
cache_alignment	: 64
address sizes	: 36 bits physical, 48 bits virtual
power management:

processor	: 4
vendor_id	: GenuineIntel
cpu family	: 6
model		: 42
model name	: Intel(R) Core(TM) i7-2635QM CPU @ 2.00GHz
stepping	: 7
microcode	: 0x14
cpu MHz		: 800.000
cache size	: 6144 KB
physical id	: 0
siblings	: 8
core id		: 0
cpu cores	: 4
apicid		: 1
initial apicid	: 1
fpu		: yes
fpu_exception	: yes
cpuid level	: 13
wp		: yes
flags		: fpu vme de pse tsc msr pae mce cx8 apic sep mtrr pge mca cmov pat pse36 clflush dts acpi mmx fxsr sse sse2 ss ht tm pbe syscall nx rdtscp lm constant_tsc arch_perfmon pebs bts rep_good nopl xtopology nonstop_tsc aperfmperf eagerfpu pni pclmulqdq dtes64 monitor ds_cpl vmx est tm2 ssse3 cx16 xtpr pdcm pcid sse4_1 sse4_2 x2apic popcnt tsc_deadline_timer xsave avx lahf_lm ida arat xsaveopt pln pts dtherm tpr_shadow vnmi flexpriority ept vpid
bogomips	: 3991.01
clflush size	: 64
cache_alignment	: 64
address sizes	: 36 bits physical, 48 bits virtual
power management:

processor	: 5
vendor_id	: GenuineIntel
cpu family	: 6
model		: 42
model name	: Intel(R) Core(TM) i7-2635QM CPU @ 2.00GHz
stepping	: 7
microcode	: 0x14
cpu MHz		: 800.000
cache size	: 6144 KB
physical id	: 0
siblings	: 8
core id		: 1
cpu cores	: 4
apicid		: 3
initial apicid	: 3
fpu		: yes
fpu_exception	: yes
cpuid level	: 13
wp		: yes
flags		: fpu vme de pse tsc msr pae mce cx8 apic sep mtrr pge mca cmov pat pse36 clflush dts acpi mmx fxsr sse sse2 ss ht tm pbe syscall nx rdtscp lm constant_tsc arch_perfmon pebs bts rep_good nopl xtopology nonstop_tsc aperfmperf eagerfpu pni pclmulqdq dtes64 monitor ds_cpl vmx est tm2 ssse3 cx16 xtpr pdcm pcid sse4_1 sse4_2 x2apic popcnt tsc_deadline_timer xsave avx lahf_lm ida arat xsaveopt pln pts dtherm tpr_shadow vnmi flexpriority ept vpid
bogomips	: 3991.01
clflush size	: 64
cache_alignment	: 64
address sizes	: 36 bits physical, 48 bits virtual
power management:

processor	: 6
vendor_id	: GenuineIntel
cpu family	: 6
model		: 42
model name	: Intel(R) Core(TM) i7-2635QM CPU @ 2.00GHz
stepping	: 7
microcode	: 0x14
cpu MHz		: 800.000
cache size	: 6144 KB
physical id	: 0
siblings	: 8
core id		: 2
cpu cores	: 4
apicid		: 5
initial apicid	: 5
fpu		: yes
fpu_exception	: yes
cpuid level	: 13
wp		: yes
flags		: fpu vme de pse tsc msr pae mce cx8 apic sep mtrr pge mca cmov pat pse36 clflush dts acpi mmx fxsr sse sse2 ss ht tm pbe syscall nx rdtscp lm constant_tsc arch_perfmon pebs bts rep_good nopl xtopology nonstop_tsc aperfmperf eagerfpu pni pclmulqdq dtes64 monitor ds_cpl vmx est tm2 ssse3 cx16 xtpr pdcm pcid sse4_1 sse4_2 x2apic popcnt tsc_deadline_timer xsave avx lahf_lm ida arat xsaveopt pln pts dtherm tpr_shadow vnmi flexpriority ept vpid
bogomips	: 3991.01
clflush size	: 64
cache_alignment	: 64
address sizes	: 36 bits physical, 48 bits virtual
power management:

processor	: 7
vendor_id	: GenuineIntel
cpu family	: 6
model		: 42
model name	: Intel(R) Core(TM) i7-2635QM CPU @ 2.00GHz
stepping	: 7
microcode	: 0x14
cpu MHz		: 800.000
cache size	: 6144 KB
physical id	: 0
siblings	: 8
core id		: 3
cpu cores	: 4
apicid		: 7
initial apicid	: 7
fpu		: yes
fpu_exception	: yes
cpuid level	: 13
wp		: yes
flags		: fpu vme de pse tsc msr pae mce cx8 apic sep mtrr pge mca cmov pat pse36 clflush dts acpi mmx fxsr sse sse2 ss ht tm pbe syscall nx rdtscp lm constant_tsc arch_perfmon pebs bts rep_good nopl xtopology nonstop_tsc aperfmperf eagerfpu pni pclmulqdq dtes64 monitor ds_cpl vmx est tm2 ssse3 cx16 xtpr pdcm pcid sse4_1 sse4_2 x2apic popcnt tsc_deadline_timer xsave avx lahf_lm ida arat xsaveopt pln pts dtherm tpr_shadow vnmi flexpriority ept vpid
bogomips	: 3991.01
clflush size	: 64
cache_alignment	: 64
address sizes	: 36 bits physical, 48 bits virtual
power management:



Memory: 4k page, physical 8086100k(883012k free), swap 8296444k(8224724k free)

vm_info: OpenJDK 64-Bit Server VM (24.65-b04) for linux-amd64 JRE (1.7.0_65-b32), built on Oct 22 2014 04:37:44 by "buildd" with gcc 4.8.2

time: Thu Dec 18 13:24:35 2014
elapsed time: 1 seconds

