#
# A fatal error has been detected by the Java Runtime Environment:
#
#  SIGSEGV (0xb) at pc=0x00007f95b618079e, pid=16552, tid=140282561681152
#
# JRE version: OpenJDK Runtime Environment (7.0_65-b32) (build 1.7.0_65-b32)
# Java VM: OpenJDK 64-Bit Server VM (24.65-b04 mixed mode linux-amd64 compressed oops)
# Derivative: IcedTea 2.5.3
# Distribution: Ubuntu 14.04 LTS, package 7u71-2.5.3-0ubuntu0.14.04.1
# Problematic frame:
# C  [fglrx_dri.so+0x146479e]
#
# Failed to write core dump. Core dumps have been disabled. To enable core dumping, try "ulimit -c unlimited" before starting Java again
#
# If you would like to submit a bug report, please include
# instructions on how to reproduce the bug and visit:
#   http://icedtea.classpath.org/bugzilla
# The crash happened outside the Java Virtual Machine in native code.
# See problematic frame for where to report the bug.
#

---------------  T H R E A D  ---------------

Current thread (0x00007f960c00a000):  JavaThread "main" [_thread_in_native, id=16557, stack(0x00007f961431d000,0x00007f961441e000)]

siginfo:si_signo=SIGSEGV: si_errno=0, si_code=1 (SEGV_MAPERR), si_addr=0x00000000000000e0

Registers:
RAX=0x0000000000000000, RBX=0x00007f960c4b42f8, RCX=0x0000000000000004, RDX=0x00007f960c4c13d8
RSP=0x00007f961441c260, RBP=0x000000000000000f, RSI=0x00000000000005f0, RDI=0x0000000000000003
R8 =0x0000000000000000, R9 =0x00007f960ca335b0, R10=0x00007f960ca335b0, R11=0x0000000000000000
R12=0x00007f961441c327, R13=0x00007f961441c318, R14=0x00007f960c3a2e00, R15=0x0000000000000004
RIP=0x00007f95b618079e, EFLAGS=0x0000000000010206, CSGSFS=0x0000000000000033, ERR=0x0000000000000004
  TRAPNO=0x000000000000000e

Top of Stack: (sp=0x00007f961441c260)
0x00007f961441c260:   00007f961441c2b0 000000000000000f
0x00007f961441c270:   0000000000000000 00007f960cdf9000
0x00007f961441c280:   00007f960c4b42f8 0000000000000000
0x00007f961441c290:   00000000ffffffff 00007f95b61e9233
0x00007f961441c2a0:   00007f960c3a2e00 0000000000000000
0x00007f961441c2b0:   00007f960c88c330 00007f960c3a2e00
0x00007f961441c2c0:   00007f960c88e2b0 0000000000000000
0x00007f961441c2d0:   0000000000000000 00007f960c3a2e00
0x00007f961441c2e0:   0f0f4d5e00000004 00007f960c4b42f8
0x00007f961441c2f0:   00007f961441c3c0 00007f960c3a2e00
0x00007f961441c300:   0000000000000001 0000000000000000
0x00007f961441c310:   0000000000000000 00007f95b6194276
0x00007f961441c320:   0100000100000300 00007f960c4b42f8
0x00007f961441c330:   0000000000000000 00007f960c3a2e00
0x00007f961441c340:   0000000000000001 0000000000000000
0x00007f961441c350:   0000000000000000 00007f95b61f50a6
0x00007f961441c360:   0000000000000003 0000000000000000
0x00007f961441c370:   0000000000000030 00007f960c446590
0x00007f961441c380:   00007f960c446590 00007f961441c470
0x00007f961441c390:   00007f961441c490 00007f9500000004
0x00007f961441c3a0:   00007f96000000c0 00007f960c4acf80
0x00007f961441c3b0:   00007f960c47e8c8 00007f961441c410
0x00007f961441c3c0:   00fc900afee7ffff 0000000000000c04
0x00007f961441c3d0:   00007f960c44f000 00007f9500006d7f
0x00007f961441c3e0:   0000000000000003 00007f960c4b42f8
0x00007f961441c3f0:   00007f960c4bc6f0 0000000000000004
0x00007f961441c400:   00007f960c3a2e00 00007f960c3a2e00
0x00007f961441c410:   0000000000000004 00007f95b61c6f60
0x00007f961441c420:   00007f960c388c80 0000000000000010
0x00007f961441c430:   00007f960ca331c0 0000000000000001
0x00007f961441c440:   0000000000000000 00007f960c4b42f8
0x00007f961441c450:   00007f960c3a2e00 00007f95b61c73b3 

Instructions: (pc=0x00007f95b618079e)
0x00007f95b618077e:   e0 85 c5 74 0e 89 f8 48 8d 04 40 48 8d 94 c3 98
0x00007f95b618078e:   d0 00 00 8b 4a 10 48 8b 02 85 c9 74 45 83 f9 01
0x00007f95b618079e:   4c 8b 90 e0 00 00 00 8b 72 08 74 16 89 c8 c1 e8
0x00007f95b61807ae:   02 83 f8 10 0f 86 bf 00 00 00 89 f0 31 d2 f7 f1 

Register to memory mapping:

RAX=0x0000000000000000 is an unknown value
RBX=0x00007f960c4b42f8 is an unknown value
RCX=0x0000000000000004 is an unknown value
RDX=0x00007f960c4c13d8 is an unknown value
RSP=0x00007f961441c260 is pointing into the stack for thread: 0x00007f960c00a000
RBP=0x000000000000000f is an unknown value
RSI=0x00000000000005f0 is an unknown value
RDI=0x0000000000000003 is an unknown value
R8 =0x0000000000000000 is an unknown value
R9 =0x00007f960ca335b0 is an unknown value
R10=0x00007f960ca335b0 is an unknown value
R11=0x0000000000000000 is an unknown value
R12=0x00007f961441c327 is pointing into the stack for thread: 0x00007f960c00a000
R13=0x00007f961441c318 is pointing into the stack for thread: 0x00007f960c00a000
R14=0x00007f960c3a2e00 is an unknown value
R15=0x0000000000000004 is an unknown value


Stack: [0x00007f961431d000,0x00007f961441e000],  sp=0x00007f961441c260,  free space=1020k
Native frames: (J=compiled Java code, j=interpreted, Vv=VM code, C=native code)
C  [fglrx_dri.so+0x146479e]

Java frames: (J=compiled Java code, j=interpreted, Vv=VM code)
j  org.lwjgl.opengl.GL11.nglDrawElementsBO(IIIJJ)V+0
j  org.lwjgl.opengl.GL11.glDrawElements(IIIJ)V+28
j  com.AtomicGE.modernRender.render.RORenderer.render(Lcom/AtomicGE/modernRender/renderObject/RenderObject;)V+93
j  com.AtomicGE.modernRender.render.Renderer.render()V+49
j  com.AtomicGE.game.Game.loop()V+78
j  com.AtomicGE.game.Game.start()V+1
j  com.AtomicGE.main.Main.main([Ljava/lang/String;)V+27
v  ~StubRoutines::call_stub

---------------  P R O C E S S  ---------------

Java Threads: ( => current thread )
  0x00007f960c1ec800 JavaThread "process reaper" daemon [_thread_blocked, id=16577, stack(0x00007f95f0017000,0x00007f95f0050000)]
  0x00007f960c1de000 JavaThread "AWT-XAWT" daemon [_thread_in_native, id=16575, stack(0x00007f95dc376000,0x00007f95dc477000)]
  0x00007f960c1c0000 JavaThread "Java2D Disposer" daemon [_thread_blocked, id=16574, stack(0x00007f95dc887000,0x00007f95dc988000)]
  0x00007f960c0b9000 JavaThread "Service Thread" daemon [_thread_blocked, id=16572, stack(0x00007f95f22db000,0x00007f95f23dc000)]
  0x00007f960c0b6800 JavaThread "C2 CompilerThread1" daemon [_thread_in_native, id=16571, stack(0x00007f95f23dc000,0x00007f95f24dd000)]
  0x00007f960c0b3800 JavaThread "C2 CompilerThread0" daemon [_thread_blocked, id=16570, stack(0x00007f95f24dd000,0x00007f95f25de000)]
  0x00007f960c0b1800 JavaThread "Signal Dispatcher" daemon [_thread_blocked, id=16569, stack(0x00007f95f25de000,0x00007f95f26df000)]
  0x00007f960c084800 JavaThread "Finalizer" daemon [_thread_blocked, id=16568, stack(0x00007f95f29a8000,0x00007f95f2aa9000)]
  0x00007f960c082800 JavaThread "Reference Handler" daemon [_thread_blocked, id=16567, stack(0x00007f95f2aa9000,0x00007f95f2baa000)]
=>0x00007f960c00a000 JavaThread "main" [_thread_in_native, id=16557, stack(0x00007f961431d000,0x00007f961441e000)]

Other Threads:
  0x00007f960c07e000 VMThread [stack: 0x00007f95f2baa000,0x00007f95f2cab000] [id=16566]
  0x00007f960c0c3800 WatcherThread [stack: 0x00007f95f21da000,0x00007f95f22db000] [id=16573]

VM state:not at safepoint (normal execution)

VM Mutex/Monitor currently owned by a thread: None

Heap
 PSYoungGen      total 37376K, used 6525K [0x00000007d6d00000, 0x00000007db600000, 0x0000000800000000)
  eden space 32256K, 13% used [0x00000007d6d00000,0x00000007d714f7b0,0x00000007d8c80000)
  from space 5120K, 41% used [0x00000007d8c80000,0x00000007d8e90020,0x00000007d9180000)
  to   space 5120K, 0% used [0x00000007db100000,0x00000007db100000,0x00000007db600000)
 ParOldGen       total 83968K, used 24K [0x0000000784800000, 0x0000000789a00000, 0x00000007d6d00000)
  object space 83968K, 0% used [0x0000000784800000,0x0000000784806000,0x0000000789a00000)
 PSPermGen       total 21504K, used 8653K [0x000000077a200000, 0x000000077b700000, 0x0000000784800000)
  object space 21504K, 40% used [0x000000077a200000,0x000000077aa73608,0x000000077b700000)

Card table byte_map: [0x00007f9610b39000,0x00007f9610f69000] byte_map_base: 0x00007f960cf68000

Polling page: 0x00007f9614443000

Code Cache  [0x00007f9609000000, 0x00007f9609270000, 0x00007f960c000000)
 total_blobs=611 nmethods=126 adapters=439 free_code_cache=48389Kb largest_free_block=49531392

Compilation events (10 events):
Event: 1.332 Thread 0x00007f960c0b6800  122             java.util.Arrays::copyOf (13 bytes)
Event: 1.334 Thread 0x00007f960c0b3800 nmethod 121 0x00007f96090c0fd0 code [0x00007f96090c1120, 0x00007f96090c12b8]
Event: 1.334 Thread 0x00007f960c0b3800  123             java.util.ArrayList::grow (45 bytes)
Event: 1.334 Thread 0x00007f960c0b6800 nmethod 122 0x00007f96090c0bd0 code [0x00007f96090c0d20, 0x00007f96090c0eb8]
Event: 1.336 Thread 0x00007f960c0b3800 nmethod 123 0x00007f96090b9390 code [0x00007f96090b94e0, 0x00007f96090b9748]
Event: 1.385 Thread 0x00007f960c0b6800  124             java.nio.Buffer::position (5 bytes)
Event: 1.385 Thread 0x00007f960c0b6800 nmethod 124 0x00007f96090b5950 code [0x00007f96090b5a80, 0x00007f96090b5ad8]
Event: 1.554 Thread 0x00007f960c0b3800  126             java.nio.Bits::byteOrder (20 bytes)
Event: 1.554 Thread 0x00007f960c0b3800 nmethod 126 0x00007f96090b5c10 code [0x00007f96090b5d40, 0x00007f96090b5d98]
Event: 1.642 Thread 0x00007f960c0b6800  127             sun.net.www.ParseUtil::encodePath (336 bytes)

GC Heap History (6 events):
Event: 1.112 GC heap before
{Heap before GC invocations=1 (full 0):
 PSYoungGen      total 37376K, used 32256K [0x00000007d6d00000, 0x00000007d9680000, 0x0000000800000000)
  eden space 32256K, 100% used [0x00000007d6d00000,0x00000007d8c80000,0x00000007d8c80000)
  from space 5120K, 0% used [0x00000007d9180000,0x00000007d9180000,0x00000007d9680000)
  to   space 5120K, 0% used [0x00000007d8c80000,0x00000007d8c80000,0x00000007d9180000)
 ParOldGen       total 83968K, used 0K [0x0000000784800000, 0x0000000789a00000, 0x00000007d6d00000)
  object space 83968K, 0% used [0x0000000784800000,0x0000000784800000,0x0000000789a00000)
 PSPermGen       total 21504K, used 8620K [0x000000077a200000, 0x000000077b700000, 0x0000000784800000)
  object space 21504K, 40% used [0x000000077a200000,0x000000077aa6b120,0x000000077b700000)
Event: 1.117 GC heap after
Heap after GC invocations=1 (full 0):
 PSYoungGen      total 37376K, used 2130K [0x00000007d6d00000, 0x00000007d9680000, 0x0000000800000000)
  eden space 32256K, 0% used [0x00000007d6d00000,0x00000007d6d00000,0x00000007d8c80000)
  from space 5120K, 41% used [0x00000007d8c80000,0x00000007d8e94a90,0x00000007d9180000)
  to   space 5120K, 0% used [0x00000007d9180000,0x00000007d9180000,0x00000007d9680000)
 ParOldGen       total 83968K, used 8K [0x0000000784800000, 0x0000000789a00000, 0x00000007d6d00000)
  object space 83968K, 0% used [0x0000000784800000,0x0000000784802000,0x0000000789a00000)
 PSPermGen       total 21504K, used 8620K [0x000000077a200000, 0x000000077b700000, 0x0000000784800000)
  object space 21504K, 40% used [0x000000077a200000,0x000000077aa6b120,0x000000077b700000)
}
Event: 1.375 GC heap before
{Heap before GC invocations=2 (full 0):
 PSYoungGen      total 37376K, used 34386K [0x00000007d6d00000, 0x00000007d9680000, 0x0000000800000000)
  eden space 32256K, 100% used [0x00000007d6d00000,0x00000007d8c80000,0x00000007d8c80000)
  from space 5120K, 41% used [0x00000007d8c80000,0x00000007d8e94a90,0x00000007d9180000)
  to   space 5120K, 0% used [0x00000007d9180000,0x00000007d9180000,0x00000007d9680000)
 ParOldGen       total 83968K, used 8K [0x0000000784800000, 0x0000000789a00000, 0x00000007d6d00000)
  object space 83968K, 0% used [0x0000000784800000,0x0000000784802000,0x0000000789a00000)
 PSPermGen       total 21504K, used 8621K [0x000000077a200000, 0x000000077b700000, 0x0000000784800000)
  object space 21504K, 40% used [0x000000077a200000,0x000000077aa6b538,0x000000077b700000)
Event: 1.378 GC heap after
Heap after GC invocations=2 (full 0):
 PSYoungGen      total 37376K, used 1792K [0x00000007d6d00000, 0x00000007d9680000, 0x0000000800000000)
  eden space 32256K, 0% used [0x00000007d6d00000,0x00000007d6d00000,0x00000007d8c80000)
  from space 5120K, 35% used [0x00000007d9180000,0x00000007d9340020,0x00000007d9680000)
  to   space 5120K, 0% used [0x00000007d8c80000,0x00000007d8c80000,0x00000007d9180000)
 ParOldGen       total 83968K, used 16K [0x0000000784800000, 0x0000000789a00000, 0x00000007d6d00000)
  object space 83968K, 0% used [0x0000000784800000,0x0000000784804000,0x0000000789a00000)
 PSPermGen       total 21504K, used 8621K [0x000000077a200000, 0x000000077b700000, 0x0000000784800000)
  object space 21504K, 40% used [0x000000077a200000,0x000000077aa6b538,0x000000077b700000)
}
Event: 1.606 GC heap before
{Heap before GC invocations=3 (full 0):
 PSYoungGen      total 37376K, used 34048K [0x00000007d6d00000, 0x00000007d9680000, 0x0000000800000000)
  eden space 32256K, 100% used [0x00000007d6d00000,0x00000007d8c80000,0x00000007d8c80000)
  from space 5120K, 35% used [0x00000007d9180000,0x00000007d9340020,0x00000007d9680000)
  to   space 5120K, 0% used [0x00000007d8c80000,0x00000007d8c80000,0x00000007d9180000)
 ParOldGen       total 83968K, used 16K [0x0000000784800000, 0x0000000789a00000, 0x00000007d6d00000)
  object space 83968K, 0% used [0x0000000784800000,0x0000000784804000,0x0000000789a00000)
 PSPermGen       total 21504K, used 8622K [0x000000077a200000, 0x000000077b700000, 0x0000000784800000)
  object space 21504K, 40% used [0x000000077a200000,0x000000077aa6ba18,0x000000077b700000)
Event: 1.610 GC heap after
Heap after GC invocations=3 (full 0):
 PSYoungGen      total 37376K, used 2112K [0x00000007d6d00000, 0x00000007db600000, 0x0000000800000000)
  eden space 32256K, 0% used [0x00000007d6d00000,0x00000007d6d00000,0x00000007d8c80000)
  from space 5120K, 41% used [0x00000007d8c80000,0x00000007d8e90020,0x00000007d9180000)
  to   space 5120K, 0% used [0x00000007db100000,0x00000007db100000,0x00000007db600000)
 ParOldGen       total 83968K, used 24K [0x0000000784800000, 0x0000000789a00000, 0x00000007d6d00000)
  object space 83968K, 0% used [0x0000000784800000,0x0000000784806000,0x0000000789a00000)
 PSPermGen       total 21504K, used 8622K [0x000000077a200000, 0x000000077b700000, 0x0000000784800000)
  object space 21504K, 40% used [0x000000077a200000,0x000000077aa6ba18,0x000000077b700000)
}

Deoptimization events (1 events):
Event: 0.772 Thread 0x00007f960c00a000 Uncommon trap: reason=predicate action=maybe_recompile pc=0x00007f96090a107c method=java.util.ArrayList.indexOf(Ljava/lang/Object;)I @ 44

Internal exceptions (10 events):
Event: 0.780 Thread 0x00007f960c00a000 Threw 0x00000007d78ba200 at /build/buildd/openjdk-7-7u71-2.5.3/build/openjdk/hotspot/src/share/vm/prims/jvm.cpp:1284
Event: 0.780 Thread 0x00007f960c00a000 Threw 0x00000007d78bcfa0 at /build/buildd/openjdk-7-7u71-2.5.3/build/openjdk/hotspot/src/share/vm/prims/jvm.cpp:1284
Event: 0.780 Thread 0x00007f960c00a000 Threw 0x00000007d78c32f8 at /build/buildd/openjdk-7-7u71-2.5.3/build/openjdk/hotspot/src/share/vm/prims/jvm.cpp:1284
Event: 0.781 Thread 0x00007f960c00a000 Threw 0x00000007d78c63d0 at /build/buildd/openjdk-7-7u71-2.5.3/build/openjdk/hotspot/src/share/vm/prims/jvm.cpp:1284
Event: 0.781 Thread 0x00007f960c00a000 Threw 0x00000007d78c9560 at /build/buildd/openjdk-7-7u71-2.5.3/build/openjdk/hotspot/src/share/vm/prims/jvm.cpp:1284
Event: 0.781 Thread 0x00007f960c00a000 Threw 0x00000007d78cc860 at /build/buildd/openjdk-7-7u71-2.5.3/build/openjdk/hotspot/src/share/vm/prims/jvm.cpp:1284
Event: 0.781 Thread 0x00007f960c00a000 Threw 0x00000007d78cf968 at /build/buildd/openjdk-7-7u71-2.5.3/build/openjdk/hotspot/src/share/vm/prims/jvm.cpp:1284
Event: 0.782 Thread 0x00007f960c00a000 Threw 0x00000007d78d29d0 at /build/buildd/openjdk-7-7u71-2.5.3/build/openjdk/hotspot/src/share/vm/prims/jvm.cpp:1284
Event: 1.642 Thread 0x00007f960c00a000 Threw 0x00000007d70fb7a0 at /build/buildd/openjdk-7-7u71-2.5.3/build/openjdk/hotspot/src/share/vm/prims/jvm.cpp:1284
Event: 1.644 Thread 0x00007f960c00a000 Threw 0x00000007d70ffe30 at /build/buildd/openjdk-7-7u71-2.5.3/build/openjdk/hotspot/src/share/vm/prims/jvm.cpp:1284

Events (10 events):
Event: 1.112 Executing VM operation: ParallelGCFailedAllocation
Event: 1.117 Executing VM operation: ParallelGCFailedAllocation done
Event: 1.375 Executing VM operation: ParallelGCFailedAllocation
Event: 1.378 Executing VM operation: ParallelGCFailedAllocation done
Event: 1.606 Executing VM operation: ParallelGCFailedAllocation
Event: 1.610 Executing VM operation: ParallelGCFailedAllocation done
Event: 1.642 loading class 0x00007f960c1f9850
Event: 1.642 loading class 0x00007f960c1f9850 done
Event: 1.643 loading class 0x00007f960c107150
Event: 1.643 loading class 0x00007f960c107150 done


Dynamic libraries:
00400000-00401000 r-xp 00000000 08:02 4721190                            /usr/lib/jvm/java-7-openjdk-amd64/jre/bin/java
00600000-00601000 r--p 00000000 08:02 4721190                            /usr/lib/jvm/java-7-openjdk-amd64/jre/bin/java
00601000-00602000 rw-p 00001000 08:02 4721190                            /usr/lib/jvm/java-7-openjdk-amd64/jre/bin/java
01e2c000-01e4d000 rw-p 00000000 00:00 0                                  [heap]
77a200000-77b700000 rw-p 00000000 00:00 0 
77b700000-784800000 rw-p 00000000 00:00 0 
784800000-789a00000 rw-p 00000000 00:00 0 
789a00000-7d6d00000 rw-p 00000000 00:00 0 
7d6d00000-7db600000 rw-p 00000000 00:00 0 
7db600000-800000000 rw-p 00000000 00:00 0 
7f95aa700000-7f95aa900000 rw-s 3ac9d000 00:05 16069                      /dev/ati/card0
7f95aa900000-7f95ab900000 rw-s 3ac7d000 00:05 16069                      /dev/ati/card0
7f95ab900000-7f95ac000000 rw-s 00006000 00:05 16069                      /dev/ati/card0
7f95ac000000-7f95ac021000 rw-p 00000000 00:00 0 
7f95ac021000-7f95b0000000 ---p 00000000 00:00 0 
7f95b0000000-7f95b0021000 rw-p 00000000 00:00 0 
7f95b0021000-7f95b4000000 ---p 00000000 00:00 0 
7f95b409f000-7f95b419f000 rw-s 3ac9e000 00:05 16069                      /dev/ati/card0
7f95b419f000-7f95b41af000 r-xp 00000000 08:02 4721089                    /usr/lib/jvm/java-7-openjdk-amd64/jre/lib/amd64/libnio.so
7f95b41af000-7f95b43af000 ---p 00010000 08:02 4721089                    /usr/lib/jvm/java-7-openjdk-amd64/jre/lib/amd64/libnio.so
7f95b43af000-7f95b43b0000 r--p 00010000 08:02 4721089                    /usr/lib/jvm/java-7-openjdk-amd64/jre/lib/amd64/libnio.so
7f95b43b0000-7f95b43b1000 rw-p 00011000 08:02 4721089                    /usr/lib/jvm/java-7-openjdk-amd64/jre/lib/amd64/libnio.so
7f95b43b1000-7f95b43c8000 r-xp 00000000 08:02 4720946                    /usr/lib/jvm/java-7-openjdk-amd64/jre/lib/amd64/libnet.so
7f95b43c8000-7f95b45c7000 ---p 00017000 08:02 4720946                    /usr/lib/jvm/java-7-openjdk-amd64/jre/lib/amd64/libnet.so
7f95b45c7000-7f95b45c8000 r--p 00016000 08:02 4720946                    /usr/lib/jvm/java-7-openjdk-amd64/jre/lib/amd64/libnet.so
7f95b45c8000-7f95b45c9000 rw-p 00017000 08:02 4720946                    /usr/lib/jvm/java-7-openjdk-amd64/jre/lib/amd64/libnet.so
7f95b45c9000-7f95b463d000 rw-p 00000000 00:00 0 
7f95b46de000-7f95b471e000 rw-s 0058d000 00:05 16069                      /dev/ati/card0
7f95b471e000-7f95b495e000 rw-p 00000000 00:00 0 
7f95b495e000-7f95b4960000 r-xp 00000000 08:02 4594910                    /usr/lib/x86_64-linux-gnu/libXinerama.so.1.0.0
7f95b4960000-7f95b4b5f000 ---p 00002000 08:02 4594910                    /usr/lib/x86_64-linux-gnu/libXinerama.so.1.0.0
7f95b4b5f000-7f95b4b60000 r--p 00001000 08:02 4594910                    /usr/lib/x86_64-linux-gnu/libXinerama.so.1.0.0
7f95b4b60000-7f95b4b61000 rw-p 00002000 08:02 4594910                    /usr/lib/x86_64-linux-gnu/libXinerama.so.1.0.0
7f95b4b61000-7f95b4c09000 r-xp 00000000 08:02 4987685                    /usr/lib/fglrx/libatiadlxx.so
7f95b4c09000-7f95b4d09000 ---p 000a8000 08:02 4987685                    /usr/lib/fglrx/libatiadlxx.so
7f95b4d09000-7f95b4d0c000 rw-p 000a8000 08:02 4987685                    /usr/lib/fglrx/libatiadlxx.so
7f95b4d0c000-7f95b4d1c000 rw-p 00000000 00:00 0 
7f95b4d1c000-7f95b739d000 r-xp 00000000 08:02 4987687                    /usr/lib/fglrx/dri/fglrx_dri.so
7f95b739d000-7f95b749c000 ---p 02681000 08:02 4987687                    /usr/lib/fglrx/dri/fglrx_dri.so
7f95b749c000-7f95b7651000 rwxp 02680000 08:02 4987687                    /usr/lib/fglrx/dri/fglrx_dri.so
7f95b7651000-7f95b7791000 rwxp 00000000 00:00 0 
7f95b7791000-7f95b7831000 r-xp 00000000 08:02 4987688                    /usr/lib/fglrx/libGL.so.1.2
7f95b7831000-7f95b7931000 ---p 000a0000 08:02 4987688                    /usr/lib/fglrx/libGL.so.1.2
7f95b7931000-7f95b7965000 rwxp 000a0000 08:02 4987688                    /usr/lib/fglrx/libGL.so.1.2
7f95b7965000-7f95b7982000 rwxp 00000000 00:00 0 
7f95b7982000-7f95b7986000 r-xp 00000000 08:02 4594936                    /usr/lib/x86_64-linux-gnu/libXxf86vm.so.1.0.0
7f95b7986000-7f95b7b86000 ---p 00004000 08:02 4594936                    /usr/lib/x86_64-linux-gnu/libXxf86vm.so.1.0.0
7f95b7b86000-7f95b7b87000 r--p 00004000 08:02 4594936                    /usr/lib/x86_64-linux-gnu/libXxf86vm.so.1.0.0
7f95b7b87000-7f95b7b88000 rw-p 00005000 08:02 4594936                    /usr/lib/x86_64-linux-gnu/libXxf86vm.so.1.0.0
7f95b7b88000-7f95b7b91000 r-xp 00000000 08:02 4594918                    /usr/lib/x86_64-linux-gnu/libXrandr.so.2.2.0
7f95b7b91000-7f95b7d90000 ---p 00009000 08:02 4594918                    /usr/lib/x86_64-linux-gnu/libXrandr.so.2.2.0
7f95b7d90000-7f95b7d91000 r--p 00008000 08:02 4594918                    /usr/lib/x86_64-linux-gnu/libXrandr.so.2.2.0
7f95b7d91000-7f95b7d92000 rw-p 00009000 08:02 4594918                    /usr/lib/x86_64-linux-gnu/libXrandr.so.2.2.0
7f95b7d92000-7f95b7dfe000 r-xp 00000000 08:02 13631765                   /home/justin/Other/lwjgl-2.9.1/native/linux/liblwjgl64.so
7f95b7dfe000-7f95b7ffd000 ---p 0006c000 08:02 13631765                   /home/justin/Other/lwjgl-2.9.1/native/linux/liblwjgl64.so
7f95b7ffd000-7f95b7fff000 r--p 0006b000 08:02 13631765                   /home/justin/Other/lwjgl-2.9.1/native/linux/liblwjgl64.so
7f95b7fff000-7f95b8000000 rw-p 0006d000 08:02 13631765                   /home/justin/Other/lwjgl-2.9.1/native/linux/liblwjgl64.so
7f95b8000000-7f95b8021000 rw-p 00000000 00:00 0 
7f95b8021000-7f95bc000000 ---p 00000000 00:00 0 
7f95bc000000-7f95bc021000 rw-p 00000000 00:00 0 
7f95bc021000-7f95c0000000 ---p 00000000 00:00 0 
7f95c0000000-7f95c0242000 rw-p 00000000 00:00 0 
7f95c0242000-7f95c4000000 ---p 00000000 00:00 0 
7f95c4000000-7f95c4021000 rw-p 00000000 00:00 0 
7f95c4021000-7f95c8000000 ---p 00000000 00:00 0 
7f95c8000000-7f95c8021000 rw-p 00000000 00:00 0 
7f95c8021000-7f95cc000000 ---p 00000000 00:00 0 
7f95cc000000-7f95cc36e000 rw-p 00000000 00:00 0 
7f95cc36e000-7f95d0000000 ---p 00000000 00:00 0 
7f95d0000000-7f95d0021000 rw-p 00000000 00:00 0 
7f95d0021000-7f95d4000000 ---p 00000000 00:00 0 
7f95d4000000-7f95d4021000 rw-p 00000000 00:00 0 
7f95d4021000-7f95d8000000 ---p 00000000 00:00 0 
7f95d8000000-7f95d8021000 rw-p 00000000 00:00 0 
7f95d8021000-7f95dc000000 ---p 00000000 00:00 0 
7f95dc015000-7f95dc055000 rw-p 00000000 00:00 0 
7f95dc055000-7f95dc065000 r-xp 00000000 08:02 4987693                    /usr/lib/fglrx/libatiuki.so.1.0
7f95dc065000-7f95dc164000 ---p 00010000 08:02 4987693                    /usr/lib/fglrx/libatiuki.so.1.0
7f95dc164000-7f95dc173000 rw-p 0000f000 08:02 4987693                    /usr/lib/fglrx/libatiuki.so.1.0
7f95dc173000-7f95dc174000 rw-p 00000000 00:00 0 
7f95dc174000-7f95dc175000 r-xp 00000000 08:02 4721101                    /usr/lib/jvm/java-7-openjdk-amd64/jre/lib/amd64/libjawt.so
7f95dc175000-7f95dc374000 ---p 00001000 08:02 4721101                    /usr/lib/jvm/java-7-openjdk-amd64/jre/lib/amd64/libjawt.so
7f95dc374000-7f95dc375000 r--p 00000000 08:02 4721101                    /usr/lib/jvm/java-7-openjdk-amd64/jre/lib/amd64/libjawt.so
7f95dc375000-7f95dc376000 rw-p 00001000 08:02 4721101                    /usr/lib/jvm/java-7-openjdk-amd64/jre/lib/amd64/libjawt.so
7f95dc376000-7f95dc379000 ---p 00000000 00:00 0 
7f95dc379000-7f95dc477000 rw-p 00000000 00:00 0                          [stack:16575]
7f95dc477000-7f95dc47c000 r-xp 00000000 08:02 4594902                    /usr/lib/x86_64-linux-gnu/libXfixes.so.3.1.0
7f95dc47c000-7f95dc67b000 ---p 00005000 08:02 4594902                    /usr/lib/x86_64-linux-gnu/libXfixes.so.3.1.0
7f95dc67b000-7f95dc67c000 r--p 00004000 08:02 4594902                    /usr/lib/x86_64-linux-gnu/libXfixes.so.3.1.0
7f95dc67c000-7f95dc67d000 rw-p 00005000 08:02 4594902                    /usr/lib/x86_64-linux-gnu/libXfixes.so.3.1.0
7f95dc67d000-7f95dc686000 r-xp 00000000 08:02 4594894                    /usr/lib/x86_64-linux-gnu/libXcursor.so.1.0.2
7f95dc686000-7f95dc885000 ---p 00009000 08:02 4594894                    /usr/lib/x86_64-linux-gnu/libXcursor.so.1.0.2
7f95dc885000-7f95dc886000 r--p 00008000 08:02 4594894                    /usr/lib/x86_64-linux-gnu/libXcursor.so.1.0.2
7f95dc886000-7f95dc887000 rw-p 00009000 08:02 4594894                    /usr/lib/x86_64-linux-gnu/libXcursor.so.1.0.2
7f95dc887000-7f95dc88a000 ---p 00000000 00:00 0 
7f95dc88a000-7f95dc988000 rw-p 00000000 00:00 0                          [stack:16574]
7f95dc988000-7f95dc98c000 r-xp 00000000 08:02 3936260                    /lib/x86_64-linux-gnu/libgpg-error.so.0.10.0
7f95dc98c000-7f95dcb8b000 ---p 00004000 08:02 3936260                    /lib/x86_64-linux-gnu/libgpg-error.so.0.10.0
7f95dcb8b000-7f95dcb8c000 r--p 00003000 08:02 3936260                    /lib/x86_64-linux-gnu/libgpg-error.so.0.10.0
7f95dcb8c000-7f95dcb8d000 rw-p 00004000 08:02 3936260                    /lib/x86_64-linux-gnu/libgpg-error.so.0.10.0
7f95dcb8d000-7f95dcb8f000 r-xp 00000000 08:02 3936270                    /lib/x86_64-linux-gnu/libkeyutils.so.1.4
7f95dcb8f000-7f95dcd8f000 ---p 00002000 08:02 3936270                    /lib/x86_64-linux-gnu/libkeyutils.so.1.4
7f95dcd8f000-7f95dcd90000 r--p 00002000 08:02 3936270                    /lib/x86_64-linux-gnu/libkeyutils.so.1.4
7f95dcd90000-7f95dcd91000 rw-p 00003000 08:02 3936270                    /lib/x86_64-linux-gnu/libkeyutils.so.1.4
7f95dcd91000-7f95dcdce000 r-xp 00000000 08:02 3936331                    /lib/x86_64-linux-gnu/libpcre.so.3.13.1
7f95dcdce000-7f95dcfcd000 ---p 0003d000 08:02 3936331                    /lib/x86_64-linux-gnu/libpcre.so.3.13.1
7f95dcfcd000-7f95dcfce000 r--p 0003c000 08:02 3936331                    /lib/x86_64-linux-gnu/libpcre.so.3.13.1
7f95dcfce000-7f95dcfcf000 rw-p 0003d000 08:02 3936331                    /lib/x86_64-linux-gnu/libpcre.so.3.13.1
7f95dcfcf000-7f95dcff4000 r-xp 00000000 08:02 3936343                    /lib/x86_64-linux-gnu/libpng12.so.0.50.0
7f95dcff4000-7f95dd1f3000 ---p 00025000 08:02 3936343                    /lib/x86_64-linux-gnu/libpng12.so.0.50.0
7f95dd1f3000-7f95dd1f4000 r--p 00024000 08:02 3936343                    /lib/x86_64-linux-gnu/libpng12.so.0.50.0
7f95dd1f4000-7f95dd1f5000 rw-p 00025000 08:02 3936343                    /lib/x86_64-linux-gnu/libpng12.so.0.50.0
7f95dd1f5000-7f95dd239000 r-xp 00000000 08:02 3933153                    /lib/x86_64-linux-gnu/libdbus-1.so.3.7.6
7f95dd239000-7f95dd438000 ---p 00044000 08:02 3933153                    /lib/x86_64-linux-gnu/libdbus-1.so.3.7.6
7f95dd438000-7f95dd439000 r--p 00043000 08:02 3933153                    /lib/x86_64-linux-gnu/libdbus-1.so.3.7.6
7f95dd439000-7f95dd43a000 rw-p 00044000 08:02 3933153                    /lib/x86_64-linux-gnu/libdbus-1.so.3.7.6
7f95dd43a000-7f95dd475000 r-xp 00000000 08:02 4595740                    /usr/lib/x86_64-linux-gnu/libp11-kit.so.0.0.0
7f95dd475000-7f95dd674000 ---p 0003b000 08:02 4595740                    /usr/lib/x86_64-linux-gnu/libp11-kit.so.0.0.0
7f95dd674000-7f95dd67a000 r--p 0003a000 08:02 4595740                    /usr/lib/x86_64-linux-gnu/libp11-kit.so.0.0.0
7f95dd67a000-7f95dd67c000 rw-p 00040000 08:02 4595740                    /usr/lib/x86_64-linux-gnu/libp11-kit.so.0.0.0
7f95dd67c000-7f95dd68e000 r-xp 00000000 08:02 4588220                    /usr/lib/x86_64-linux-gnu/libtasn1.so.6.2.0
7f95dd68e000-7f95dd88e000 ---p 00012000 08:02 4588220                    /usr/lib/x86_64-linux-gnu/libtasn1.so.6.2.0
7f95dd88e000-7f95dd88f000 r--p 00012000 08:02 4588220                    /usr/lib/x86_64-linux-gnu/libtasn1.so.6.2.0
7f95dd88f000-7f95dd890000 rw-p 00013000 08:02 4588220                    /usr/lib/x86_64-linux-gnu/libtasn1.so.6.2.0
7f95dd890000-7f95dd90c000 r-xp 00000000 08:02 3933160                    /lib/x86_64-linux-gnu/libgcrypt.so.11.8.2
7f95dd90c000-7f95ddb0b000 ---p 0007c000 08:02 3933160                    /lib/x86_64-linux-gnu/libgcrypt.so.11.8.2
7f95ddb0b000-7f95ddb0c000 r--p 0007b000 08:02 3933160                    /lib/x86_64-linux-gnu/libgcrypt.so.11.8.2
7f95ddb0c000-7f95ddb0f000 rw-p 0007c000 08:02 3933160                    /lib/x86_64-linux-gnu/libgcrypt.so.11.8.2
7f95ddb0f000-7f95ddb19000 r-xp 00000000 08:02 4593286                    /usr/lib/x86_64-linux-gnu/libkrb5support.so.0.1
7f95ddb19000-7f95ddd18000 ---p 0000a000 08:02 4593286                    /usr/lib/x86_64-linux-gnu/libkrb5support.so.0.1
7f95ddd18000-7f95ddd19000 r--p 00009000 08:02 4593286                    /usr/lib/x86_64-linux-gnu/libkrb5support.so.0.1
7f95ddd19000-7f95ddd1a000 rw-p 0000a000 08:02 4593286                    /usr/lib/x86_64-linux-gnu/libkrb5support.so.0.1
7f95ddd1a000-7f95ddd1d000 r-xp 00000000 08:02 3936236                    /lib/x86_64-linux-gnu/libcom_err.so.2.1
7f95ddd1d000-7f95ddf1c000 ---p 00003000 08:02 3936236                    /lib/x86_64-linux-gnu/libcom_err.so.2.1
7f95ddf1c000-7f95ddf1d000 r--p 00002000 08:02 3936236                    /lib/x86_64-linux-gnu/libcom_err.so.2.1
7f95ddf1d000-7f95ddf1e000 rw-p 00003000 08:02 3936236                    /lib/x86_64-linux-gnu/libcom_err.so.2.1
7f95ddf1e000-7f95ddf4a000 r-xp 00000000 08:02 4591393                    /usr/lib/x86_64-linux-gnu/libk5crypto.so.3.1
7f95ddf4a000-7f95de149000 ---p 0002c000 08:02 4591393                    /usr/lib/x86_64-linux-gnu/libk5crypto.so.3.1
7f95de149000-7f95de14b000 r--p 0002b000 08:02 4591393                    /usr/lib/x86_64-linux-gnu/libk5crypto.so.3.1
7f95de14b000-7f95de14c000 rw-p 0002d000 08:02 4591393                    /usr/lib/x86_64-linux-gnu/libk5crypto.so.3.1
7f95de14c000-7f95de14d000 rw-p 00000000 00:00 0 
7f95de14d000-7f95de209000 r-xp 00000000 08:02 4593175                    /usr/lib/x86_64-linux-gnu/libkrb5.so.3.3
7f95de209000-7f95de409000 ---p 000bc000 08:02 4593175                    /usr/lib/x86_64-linux-gnu/libkrb5.so.3.3
7f95de409000-7f95de416000 r--p 000bc000 08:02 4593175                    /usr/lib/x86_64-linux-gnu/libkrb5.so.3.3
7f95de416000-7f95de418000 rw-p 000c9000 08:02 4593175                    /usr/lib/x86_64-linux-gnu/libkrb5.so.3.3
7f95de418000-7f95de41d000 r-xp 00000000 08:02 4594898                    /usr/lib/x86_64-linux-gnu/libXdmcp.so.6.0.0
7f95de41d000-7f95de61c000 ---p 00005000 08:02 4594898                    /usr/lib/x86_64-linux-gnu/libXdmcp.so.6.0.0
7f95de61c000-7f95de61d000 r--p 00004000 08:02 4594898                    /usr/lib/x86_64-linux-gnu/libXdmcp.so.6.0.0
7f95de61d000-7f95de61e000 rw-p 00005000 08:02 4594898                    /usr/lib/x86_64-linux-gnu/libXdmcp.so.6.0.0
7f95de61e000-7f95de620000 r-xp 00000000 08:02 4594887                    /usr/lib/x86_64-linux-gnu/libXau.so.6.0.0
7f95de620000-7f95de820000 ---p 00002000 08:02 4594887                    /usr/lib/x86_64-linux-gnu/libXau.so.6.0.0
7f95de820000-7f95de821000 r--p 00002000 08:02 4594887                    /usr/lib/x86_64-linux-gnu/libXau.so.6.0.0
7f95de821000-7f95de822000 rw-p 00003000 08:02 4594887                    /usr/lib/x86_64-linux-gnu/libXau.so.6.0.0
7f95de822000-7f95de829000 r-xp 00000000 08:02 4595200                    /usr/lib/x86_64-linux-gnu/libffi.so.6.0.1
7f95de829000-7f95dea28000 ---p 00007000 08:02 4595200                    /usr/lib/x86_64-linux-gnu/libffi.so.6.0.1
7f95dea28000-7f95dea29000 r--p 00006000 08:02 4595200                    /usr/lib/x86_64-linux-gnu/libffi.so.6.0.1
7f95dea29000-7f95dea2a000 rw-p 00007000 08:02 4595200                    /usr/lib/x86_64-linux-gnu/libffi.so.6.0.1
7f95dea2a000-7f95dea41000 r-xp 00000000 08:02 3936501                    /lib/x86_64-linux-gnu/libresolv-2.19.so
7f95dea41000-7f95dec41000 ---p 00017000 08:02 3936501                    /lib/x86_64-linux-gnu/libresolv-2.19.so
7f95dec41000-7f95dec42000 r--p 00017000 08:02 3936501                    /lib/x86_64-linux-gnu/libresolv-2.19.so
7f95dec42000-7f95dec43000 rw-p 00018000 08:02 3936501                    /lib/x86_64-linux-gnu/libresolv-2.19.so
7f95dec43000-7f95dec45000 rw-p 00000000 00:00 0 
7f95dec45000-7f95dec65000 r-xp 00000000 08:02 3933175                    /lib/x86_64-linux-gnu/libselinux.so.1
7f95dec65000-7f95dee64000 ---p 00020000 08:02 3933175                    /lib/x86_64-linux-gnu/libselinux.so.1
7f95dee64000-7f95dee65000 r--p 0001f000 08:02 3933175                    /lib/x86_64-linux-gnu/libselinux.so.1
7f95dee65000-7f95dee66000 rw-p 00020000 08:02 3933175                    /lib/x86_64-linux-gnu/libselinux.so.1
7f95dee66000-7f95dee68000 rw-p 00000000 00:00 0 
7f95dee68000-7f95def6e000 r-xp 00000000 08:02 3933162                    /lib/x86_64-linux-gnu/libglib-2.0.so.0.4002.0
7f95def6e000-7f95df16d000 ---p 00106000 08:02 3933162                    /lib/x86_64-linux-gnu/libglib-2.0.so.0.4002.0
7f95df16d000-7f95df16e000 r--p 00105000 08:02 3933162                    /lib/x86_64-linux-gnu/libglib-2.0.so.0.4002.0
7f95df16e000-7f95df16f000 rw-p 00106000 08:02 3933162                    /lib/x86_64-linux-gnu/libglib-2.0.so.0.4002.0
7f95df16f000-7f95df170000 rw-p 00000000 00:00 0 
7f95df170000-7f95df173000 r-xp 00000000 08:02 4588031                    /usr/lib/x86_64-linux-gnu/libgmodule-2.0.so.0.4002.0
7f95df173000-7f95df372000 ---p 00003000 08:02 4588031                    /usr/lib/x86_64-linux-gnu/libgmodule-2.0.so.0.4002.0
7f95df372000-7f95df373000 r--p 00002000 08:02 4588031                    /usr/lib/x86_64-linux-gnu/libgmodule-2.0.so.0.4002.0
7f95df373000-7f95df374000 rw-p 00003000 08:02 4588031                    /usr/lib/x86_64-linux-gnu/libgmodule-2.0.so.0.4002.0
7f95df374000-7f95df39b000 r-xp 00000000 08:02 3936249                    /lib/x86_64-linux-gnu/libexpat.so.1.6.0
7f95df39b000-7f95df59b000 ---p 00027000 08:02 3936249                    /lib/x86_64-linux-gnu/libexpat.so.1.6.0
7f95df59b000-7f95df59d000 r--p 00027000 08:02 3936249                    /lib/x86_64-linux-gnu/libexpat.so.1.6.0
7f95df59d000-7f95df59e000 rw-p 00029000 08:02 3936249                    /lib/x86_64-linux-gnu/libexpat.so.1.6.0
7f95df59e000-7f95df63b000 r-xp 00000000 08:02 4588029                    /usr/lib/x86_64-linux-gnu/libfreetype.so.6.11.1
7f95df63b000-7f95df83a000 ---p 0009d000 08:02 4588029                    /usr/lib/x86_64-linux-gnu/libfreetype.so.6.11.1
7f95df83a000-7f95df840000 r--p 0009c000 08:02 4588029                    /usr/lib/x86_64-linux-gnu/libfreetype.so.6.11.1
7f95df840000-7f95df841000 rw-p 000a2000 08:02 4588029                    /usr/lib/x86_64-linux-gnu/libfreetype.so.6.11.1
7f95df841000-7f95df850000 r-xp 00000000 08:02 4594993                    /usr/lib/x86_64-linux-gnu/libavahi-client.so.3.2.9
7f95df850000-7f95dfa50000 ---p 0000f000 08:02 4594993                    /usr/lib/x86_64-linux-gnu/libavahi-client.so.3.2.9
7f95dfa50000-7f95dfa51000 r--p 0000f000 08:02 4594993                    /usr/lib/x86_64-linux-gnu/libavahi-client.so.3.2.9
7f95dfa51000-7f95dfa52000 rw-p 00010000 08:02 4594993                    /usr/lib/x86_64-linux-gnu/libavahi-client.so.3.2.9
7f95dfa52000-7f95dfb08000 r-xp 00000000 08:02 4588918                    /usr/lib/x86_64-linux-gnu/libgnutls.so.26.22.6
7f95dfb08000-7f95dfd08000 ---p 000b6000 08:02 4588918                    /usr/lib/x86_64-linux-gnu/libgnutls.so.26.22.6
7f95dfd08000-7f95dfd0e000 r--p 000b6000 08:02 4588918                    /usr/lib/x86_64-linux-gnu/libgnutls.so.26.22.6
7f95dfd0e000-7f95dfd0f000 rw-p 000bc000 08:02 4588918                    /usr/lib/x86_64-linux-gnu/libgnutls.so.26.22.6
7f95dfd0f000-7f95e4000000 rw-p 00000000 00:00 0 
7f95e4000000-7f95e4021000 rw-p 00000000 00:00 0 
7f95e4021000-7f95e8000000 ---p 00000000 00:00 0 
7f95e8000000-7f95e8021000 rw-p 00000000 00:00 0 
7f95e8021000-7f95ec000000 ---p 00000000 00:00 0 
7f95ec000000-7f95ec021000 rw-p 00000000 00:00 0 
7f95ec021000-7f95f0000000 ---p 00000000 00:00 0 
7f95f0017000-7f95f001a000 ---p 00000000 00:00 0 
7f95f001a000-7f95f0050000 rw-p 00000000 00:00 0                          [stack:16577]
7f95f0050000-7f95f005b000 r-xp 00000000 08:02 4594995                    /usr/lib/x86_64-linux-gnu/libavahi-common.so.3.5.3
7f95f005b000-7f95f025a000 ---p 0000b000 08:02 4594995                    /usr/lib/x86_64-linux-gnu/libavahi-common.so.3.5.3
7f95f025a000-7f95f025b000 r--p 0000a000 08:02 4594995                    /usr/lib/x86_64-linux-gnu/libavahi-common.so.3.5.3
7f95f025b000-7f95f025c000 rw-p 0000b000 08:02 4594995                    /usr/lib/x86_64-linux-gnu/libavahi-common.so.3.5.3
7f95f025c000-7f95f029f000 r-xp 00000000 08:02 4592877                    /usr/lib/x86_64-linux-gnu/libgssapi_krb5.so.2.2
7f95f029f000-7f95f049f000 ---p 00043000 08:02 4592877                    /usr/lib/x86_64-linux-gnu/libgssapi_krb5.so.2.2
7f95f049f000-7f95f04a0000 r--p 00043000 08:02 4592877                    /usr/lib/x86_64-linux-gnu/libgssapi_krb5.so.2.2
7f95f04a0000-7f95f04a2000 rw-p 00044000 08:02 4592877                    /usr/lib/x86_64-linux-gnu/libgssapi_krb5.so.2.2
7f95f04a2000-7f95f04bf000 r-xp 00000000 08:02 4596070                    /usr/lib/x86_64-linux-gnu/libxcb.so.1.1.0
7f95f04bf000-7f95f06bf000 ---p 0001d000 08:02 4596070                    /usr/lib/x86_64-linux-gnu/libxcb.so.1.1.0
7f95f06bf000-7f95f06c0000 r--p 0001d000 08:02 4596070                    /usr/lib/x86_64-linux-gnu/libxcb.so.1.1.0
7f95f06c0000-7f95f06c1000 rw-p 0001e000 08:02 4596070                    /usr/lib/x86_64-linux-gnu/libxcb.so.1.1.0
7f95f06c1000-7f95f0710000 r-xp 00000000 08:02 4593152                    /usr/lib/x86_64-linux-gnu/libgobject-2.0.so.0.4002.0
7f95f0710000-7f95f0910000 ---p 0004f000 08:02 4593152                    /usr/lib/x86_64-linux-gnu/libgobject-2.0.so.0.4002.0
7f95f0910000-7f95f0911000 r--p 0004f000 08:02 4593152                    /usr/lib/x86_64-linux-gnu/libgobject-2.0.so.0.4002.0
7f95f0911000-7f95f0912000 rw-p 00050000 08:02 4593152                    /usr/lib/x86_64-linux-gnu/libgobject-2.0.so.0.4002.0
7f95f0912000-7f95f0a7e000 r-xp 00000000 08:02 4593156                    /usr/lib/x86_64-linux-gnu/libgio-2.0.so.0.4002.0
7f95f0a7e000-7f95f0c7d000 ---p 0016c000 08:02 4593156                    /usr/lib/x86_64-linux-gnu/libgio-2.0.so.0.4002.0
7f95f0c7d000-7f95f0c81000 r--p 0016b000 08:02 4593156                    /usr/lib/x86_64-linux-gnu/libgio-2.0.so.0.4002.0
7f95f0c81000-7f95f0c83000 rw-p 0016f000 08:02 4593156                    /usr/lib/x86_64-linux-gnu/libgio-2.0.so.0.4002.0
7f95f0c83000-7f95f0c85000 rw-p 00000000 00:00 0 
7f95f0c85000-7f95f0cbf000 r-xp 00000000 08:02 4587870                    /usr/lib/x86_64-linux-gnu/libfontconfig.so.1.8.0
7f95f0cbf000-7f95f0ebe000 ---p 0003a000 08:02 4587870                    /usr/lib/x86_64-linux-gnu/libfontconfig.so.1.8.0
7f95f0ebe000-7f95f0ec0000 r--p 00039000 08:02 4587870                    /usr/lib/x86_64-linux-gnu/libfontconfig.so.1.8.0
7f95f0ec0000-7f95f0ec1000 rw-p 0003b000 08:02 4587870                    /usr/lib/x86_64-linux-gnu/libfontconfig.so.1.8.0
7f95f0ec1000-7f95f0f2d000 r-xp 00000000 08:02 4591313                    /usr/lib/x86_64-linux-gnu/libcups.so.2
7f95f0f2d000-7f95f112d000 ---p 0006c000 08:02 4591313                    /usr/lib/x86_64-linux-gnu/libcups.so.2
7f95f112d000-7f95f1134000 r--p 0006c000 08:02 4591313                    /usr/lib/x86_64-linux-gnu/libcups.so.2
7f95f1134000-7f95f1135000 rw-p 00073000 08:02 4591313                    /usr/lib/x86_64-linux-gnu/libcups.so.2
7f95f1135000-7f95f1144000 r-xp 00000000 08:02 4594908                    /usr/lib/x86_64-linux-gnu/libXi.so.6.1.0
7f95f1144000-7f95f1343000 ---p 0000f000 08:02 4594908                    /usr/lib/x86_64-linux-gnu/libXi.so.6.1.0
7f95f1343000-7f95f1344000 r--p 0000e000 08:02 4594908                    /usr/lib/x86_64-linux-gnu/libXi.so.6.1.0
7f95f1344000-7f95f1345000 rw-p 0000f000 08:02 4594908                    /usr/lib/x86_64-linux-gnu/libXi.so.6.1.0
7f95f1345000-7f95f134a000 r-xp 00000000 08:02 4594926                    /usr/lib/x86_64-linux-gnu/libXtst.so.6.1.0
7f95f134a000-7f95f1549000 ---p 00005000 08:02 4594926                    /usr/lib/x86_64-linux-gnu/libXtst.so.6.1.0
7f95f1549000-7f95f154a000 r--p 00004000 08:02 4594926                    /usr/lib/x86_64-linux-gnu/libXtst.so.6.1.0
7f95f154a000-7f95f154b000 rw-p 00005000 08:02 4594926                    /usr/lib/x86_64-linux-gnu/libXtst.so.6.1.0
7f95f154b000-7f95f1554000 r-xp 00000000 08:02 4594920                    /usr/lib/x86_64-linux-gnu/libXrender.so.1.3.0
7f95f1554000-7f95f1753000 ---p 00009000 08:02 4594920                    /usr/lib/x86_64-linux-gnu/libXrender.so.1.3.0
7f95f1753000-7f95f1754000 r--p 00008000 08:02 4594920                    /usr/lib/x86_64-linux-gnu/libXrender.so.1.3.0
7f95f1754000-7f95f1755000 rw-p 00009000 08:02 4594920                    /usr/lib/x86_64-linux-gnu/libXrender.so.1.3.0
7f95f1755000-7f95f1885000 r-xp 00000000 08:02 4594883                    /usr/lib/x86_64-linux-gnu/libX11.so.6.3.0
7f95f1885000-7f95f1a85000 ---p 00130000 08:02 4594883                    /usr/lib/x86_64-linux-gnu/libX11.so.6.3.0
7f95f1a85000-7f95f1a86000 r--p 00130000 08:02 4594883                    /usr/lib/x86_64-linux-gnu/libX11.so.6.3.0
7f95f1a86000-7f95f1a8a000 rw-p 00131000 08:02 4594883                    /usr/lib/x86_64-linux-gnu/libX11.so.6.3.0
7f95f1a8a000-7f95f1a9b000 r-xp 00000000 08:02 4594900                    /usr/lib/x86_64-linux-gnu/libXext.so.6.4.0
7f95f1a9b000-7f95f1c9a000 ---p 00011000 08:02 4594900                    /usr/lib/x86_64-linux-gnu/libXext.so.6.4.0
7f95f1c9a000-7f95f1c9b000 r--p 00010000 08:02 4594900                    /usr/lib/x86_64-linux-gnu/libXext.so.6.4.0
7f95f1c9b000-7f95f1c9c000 rw-p 00011000 08:02 4594900                    /usr/lib/x86_64-linux-gnu/libXext.so.6.4.0
7f95f1c9d000-7f95f1cbd000 rw-s 00004000 00:05 16069                      /dev/ati/card0
7f95f1cbd000-7f95f1d05000 r-xp 00000000 08:02 4720718                    /usr/lib/jvm/java-7-openjdk-amd64/jre/lib/amd64/xawt/libmawt.so
7f95f1d05000-7f95f1f04000 ---p 00048000 08:02 4720718                    /usr/lib/jvm/java-7-openjdk-amd64/jre/lib/amd64/xawt/libmawt.so
7f95f1f04000-7f95f1f05000 r--p 00047000 08:02 4720718                    /usr/lib/jvm/java-7-openjdk-amd64/jre/lib/amd64/xawt/libmawt.so
7f95f1f05000-7f95f1f08000 rw-p 00048000 08:02 4720718                    /usr/lib/jvm/java-7-openjdk-amd64/jre/lib/amd64/xawt/libmawt.so
7f95f1f08000-7f95f1f09000 rw-p 00000000 00:00 0 
7f95f1f09000-7f95f1fa9000 r-xp 00000000 08:02 4721100                    /usr/lib/jvm/java-7-openjdk-amd64/jre/lib/amd64/libawt.so
7f95f1fa9000-7f95f21a9000 ---p 000a0000 08:02 4721100                    /usr/lib/jvm/java-7-openjdk-amd64/jre/lib/amd64/libawt.so
7f95f21a9000-7f95f21aa000 r--p 000a0000 08:02 4721100                    /usr/lib/jvm/java-7-openjdk-amd64/jre/lib/amd64/libawt.so
7f95f21aa000-7f95f21b5000 rw-p 000a1000 08:02 4721100                    /usr/lib/jvm/java-7-openjdk-amd64/jre/lib/amd64/libawt.so
7f95f21b5000-7f95f21da000 rw-p 00000000 00:00 0 
7f95f21da000-7f95f21db000 ---p 00000000 00:00 0 
7f95f21db000-7f95f22db000 rw-p 00000000 00:00 0                          [stack:16573]
7f95f22db000-7f95f22de000 ---p 00000000 00:00 0 
7f95f22de000-7f95f23dc000 rw-p 00000000 00:00 0                          [stack:16572]
7f95f23dc000-7f95f23df000 ---p 00000000 00:00 0 
7f95f23df000-7f95f24dd000 rw-p 00000000 00:00 0                          [stack:16571]
7f95f24dd000-7f95f24e0000 ---p 00000000 00:00 0 
7f95f24e0000-7f95f25de000 rw-p 00000000 00:00 0                          [stack:16570]
7f95f25de000-7f95f25e1000 ---p 00000000 00:00 0 
7f95f25e1000-7f95f26df000 rw-p 00000000 00:00 0                          [stack:16569]
7f95f26df000-7f95f29a8000 r--p 00000000 08:02 4593586                    /usr/lib/locale/locale-archive
7f95f29a8000-7f95f29ab000 ---p 00000000 00:00 0 
7f95f29ab000-7f95f2aa9000 rw-p 00000000 00:00 0                          [stack:16568]
7f95f2aa9000-7f95f2aac000 ---p 00000000 00:00 0 
7f95f2aac000-7f95f2baa000 rw-p 00000000 00:00 0                          [stack:16567]
7f95f2baa000-7f95f2bab000 ---p 00000000 00:00 0 
7f95f2bab000-7f95f4000000 rw-p 00000000 00:00 0                          [stack:16566]
7f95f4000000-7f95f4021000 rw-p 00000000 00:00 0 
7f95f4021000-7f95f8000000 ---p 00000000 00:00 0 
7f95f8000000-7f95f8021000 rw-p 00000000 00:00 0 
7f95f8021000-7f95fc000000 ---p 00000000 00:00 0 
7f95fc000000-7f95fc021000 rw-p 00000000 00:00 0 
7f95fc021000-7f9600000000 ---p 00000000 00:00 0 
7f9600000000-7f9600021000 rw-p 00000000 00:00 0 
7f9600021000-7f9604000000 ---p 00000000 00:00 0 
7f9604000000-7f9604021000 rw-p 00000000 00:00 0 
7f9604021000-7f9608000000 ---p 00000000 00:00 0 
7f9608000000-7f9608007000 r--s 00000000 08:02 5118409                    /usr/lib/x86_64-linux-gnu/gconv/gconv-modules.cache
7f9608007000-7f9608010000 r--s 000b9000 08:02 4720762                    /usr/lib/jvm/java-7-openjdk-amd64/jre/lib/resources.jar
7f9608010000-7f9608927000 rw-p 00000000 00:00 0 
7f9608927000-7f9608ad8000 r--s 01d25000 08:02 4721140                    /usr/lib/jvm/java-7-openjdk-amd64/jre/lib/rt.jar
7f9608ad8000-7f9609000000 rw-p 00000000 00:00 0 
7f9609000000-7f9609270000 rwxp 00000000 00:00 0 
7f9609270000-7f960d457000 rw-p 00000000 00:00 0 
7f960d457000-7f9610000000 ---p 00000000 00:00 0 
7f9610000000-7f961004b000 rw-p 00000000 00:00 0 
7f961004b000-7f961004c000 ---p 00000000 00:00 0 
7f961004c000-7f961014c000 rw-p 00000000 00:00 0                          [stack:16565]
7f961014c000-7f961014d000 ---p 00000000 00:00 0 
7f961014d000-7f961024d000 rw-p 00000000 00:00 0                          [stack:16564]
7f961024d000-7f961024e000 ---p 00000000 00:00 0 
7f961024e000-7f961034e000 rw-p 00000000 00:00 0                          [stack:16563]
7f961034e000-7f961034f000 ---p 00000000 00:00 0 
7f961034f000-7f961044f000 rw-p 00000000 00:00 0                          [stack:16562]
7f961044f000-7f9610450000 ---p 00000000 00:00 0 
7f9610450000-7f9610550000 rw-p 00000000 00:00 0                          [stack:16561]
7f9610550000-7f9610551000 ---p 00000000 00:00 0 
7f9610551000-7f9610651000 rw-p 00000000 00:00 0                          [stack:16560]
7f9610651000-7f9610652000 ---p 00000000 00:00 0 
7f9610652000-7f9610752000 rw-p 00000000 00:00 0                          [stack:16559]
7f9610752000-7f9610753000 ---p 00000000 00:00 0 
7f9610753000-7f961085e000 rw-p 00000000 00:00 0                          [stack:16558]
7f961085e000-7f96108a6000 rw-p 00000000 00:00 0 
7f96108a6000-7f96108cf000 rw-p 00000000 00:00 0 
7f96108cf000-7f9610b39000 rw-p 00000000 00:00 0 
7f9610b39000-7f9610b44000 rw-p 00000000 00:00 0 
7f9610b44000-7f9610b8c000 rw-p 00000000 00:00 0 
7f9610b8c000-7f9610bb5000 rw-p 00000000 00:00 0 
7f9610bb5000-7f9610e1e000 rw-p 00000000 00:00 0 
7f9610e1e000-7f9610e43000 rw-p 00000000 00:00 0 
7f9610e43000-7f9610f68000 rw-p 00000000 00:00 0 
7f9610f68000-7f9610f69000 rw-p 00000000 00:00 0 
7f9610f69000-7f9610f71000 r-xp 00000000 08:02 4720864                    /usr/lib/jvm/java-7-openjdk-amd64/jre/lib/amd64/libzip.so
7f9610f71000-7f9611170000 ---p 00008000 08:02 4720864                    /usr/lib/jvm/java-7-openjdk-amd64/jre/lib/amd64/libzip.so
7f9611170000-7f9611171000 r--p 00007000 08:02 4720864                    /usr/lib/jvm/java-7-openjdk-amd64/jre/lib/amd64/libzip.so
7f9611171000-7f9611172000 rw-p 00008000 08:02 4720864                    /usr/lib/jvm/java-7-openjdk-amd64/jre/lib/amd64/libzip.so
7f9611172000-7f961117d000 r-xp 00000000 08:02 3936515                    /lib/x86_64-linux-gnu/libnss_files-2.19.so
7f961117d000-7f961137c000 ---p 0000b000 08:02 3936515                    /lib/x86_64-linux-gnu/libnss_files-2.19.so
7f961137c000-7f961137d000 r--p 0000a000 08:02 3936515                    /lib/x86_64-linux-gnu/libnss_files-2.19.so
7f961137d000-7f961137e000 rw-p 0000b000 08:02 3936515                    /lib/x86_64-linux-gnu/libnss_files-2.19.so
7f961137e000-7f9611389000 r-xp 00000000 08:02 3936516                    /lib/x86_64-linux-gnu/libnss_nis-2.19.so
7f9611389000-7f9611588000 ---p 0000b000 08:02 3936516                    /lib/x86_64-linux-gnu/libnss_nis-2.19.so
7f9611588000-7f9611589000 r--p 0000a000 08:02 3936516                    /lib/x86_64-linux-gnu/libnss_nis-2.19.so
7f9611589000-7f961158a000 rw-p 0000b000 08:02 3936516                    /lib/x86_64-linux-gnu/libnss_nis-2.19.so
7f961158a000-7f96115a1000 r-xp 00000000 08:02 3936502                    /lib/x86_64-linux-gnu/libnsl-2.19.so
7f96115a1000-7f96117a0000 ---p 00017000 08:02 3936502                    /lib/x86_64-linux-gnu/libnsl-2.19.so
7f96117a0000-7f96117a1000 r--p 00016000 08:02 3936502                    /lib/x86_64-linux-gnu/libnsl-2.19.so
7f96117a1000-7f96117a2000 rw-p 00017000 08:02 3936502                    /lib/x86_64-linux-gnu/libnsl-2.19.so
7f96117a2000-7f96117a4000 rw-p 00000000 00:00 0 
7f96117a4000-7f96117ad000 r-xp 00000000 08:02 3932175                    /lib/x86_64-linux-gnu/libnss_compat-2.19.so
7f96117ad000-7f96119ac000 ---p 00009000 08:02 3932175                    /lib/x86_64-linux-gnu/libnss_compat-2.19.so
7f96119ac000-7f96119ad000 r--p 00008000 08:02 3932175                    /lib/x86_64-linux-gnu/libnss_compat-2.19.so
7f96119ad000-7f96119ae000 rw-p 00009000 08:02 3932175                    /lib/x86_64-linux-gnu/libnss_compat-2.19.so
7f96119ae000-7f96119d9000 r-xp 00000000 08:02 4720934                    /usr/lib/jvm/java-7-openjdk-amd64/jre/lib/amd64/libjava.so
7f96119d9000-7f9611bd8000 ---p 0002b000 08:02 4720934                    /usr/lib/jvm/java-7-openjdk-amd64/jre/lib/amd64/libjava.so
7f9611bd8000-7f9611bd9000 r--p 0002a000 08:02 4720934                    /usr/lib/jvm/java-7-openjdk-amd64/jre/lib/amd64/libjava.so
7f9611bd9000-7f9611bdb000 rw-p 0002b000 08:02 4720934                    /usr/lib/jvm/java-7-openjdk-amd64/jre/lib/amd64/libjava.so
7f9611bdb000-7f9611beb000 r-xp 00000000 08:02 4721088                    /usr/lib/jvm/java-7-openjdk-amd64/jre/lib/amd64/libverify.so
7f9611beb000-7f9611dea000 ---p 00010000 08:02 4721088                    /usr/lib/jvm/java-7-openjdk-amd64/jre/lib/amd64/libverify.so
7f9611dea000-7f9611dec000 r--p 0000f000 08:02 4721088                    /usr/lib/jvm/java-7-openjdk-amd64/jre/lib/amd64/libverify.so
7f9611dec000-7f9611ded000 rw-p 00011000 08:02 4721088                    /usr/lib/jvm/java-7-openjdk-amd64/jre/lib/amd64/libverify.so
7f9611ded000-7f9611df4000 r-xp 00000000 08:02 3936504                    /lib/x86_64-linux-gnu/librt-2.19.so
7f9611df4000-7f9611ff3000 ---p 00007000 08:02 3936504                    /lib/x86_64-linux-gnu/librt-2.19.so
7f9611ff3000-7f9611ff4000 r--p 00006000 08:02 3936504                    /lib/x86_64-linux-gnu/librt-2.19.so
7f9611ff4000-7f9611ff5000 rw-p 00007000 08:02 3936504                    /lib/x86_64-linux-gnu/librt-2.19.so
7f9611ff5000-7f961200b000 r-xp 00000000 08:02 3933123                    /lib/x86_64-linux-gnu/libgcc_s.so.1
7f961200b000-7f961220a000 ---p 00016000 08:02 3933123                    /lib/x86_64-linux-gnu/libgcc_s.so.1
7f961220a000-7f961220b000 rw-p 00015000 08:02 3933123                    /lib/x86_64-linux-gnu/libgcc_s.so.1
7f961220b000-7f9612310000 r-xp 00000000 08:02 3936511                    /lib/x86_64-linux-gnu/libm-2.19.so
7f9612310000-7f961250f000 ---p 00105000 08:02 3936511                    /lib/x86_64-linux-gnu/libm-2.19.so
7f961250f000-7f9612510000 r--p 00104000 08:02 3936511                    /lib/x86_64-linux-gnu/libm-2.19.so
7f9612510000-7f9612511000 rw-p 00105000 08:02 3936511                    /lib/x86_64-linux-gnu/libm-2.19.so
7f9612511000-7f96125f7000 r-xp 00000000 08:02 4595911                    /usr/lib/x86_64-linux-gnu/libstdc++.so.6.0.19
7f96125f7000-7f96127f6000 ---p 000e6000 08:02 4595911                    /usr/lib/x86_64-linux-gnu/libstdc++.so.6.0.19
7f96127f6000-7f96127fe000 r--p 000e5000 08:02 4595911                    /usr/lib/x86_64-linux-gnu/libstdc++.so.6.0.19
7f96127fe000-7f9612800000 rw-p 000ed000 08:02 4595911                    /usr/lib/x86_64-linux-gnu/libstdc++.so.6.0.19
7f9612800000-7f9612815000 rw-p 00000000 00:00 0 
7f9612815000-7f961332b000 r-xp 00000000 08:02 4721094                    /usr/lib/jvm/java-7-openjdk-amd64/jre/lib/amd64/server/libjvm.so
7f961332b000-7f961352a000 ---p 00b16000 08:02 4721094                    /usr/lib/jvm/java-7-openjdk-amd64/jre/lib/amd64/server/libjvm.so
7f961352a000-7f96135c4000 r--p 00b15000 08:02 4721094                    /usr/lib/jvm/java-7-openjdk-amd64/jre/lib/amd64/server/libjvm.so
7f96135c4000-7f96135e7000 rw-p 00baf000 08:02 4721094                    /usr/lib/jvm/java-7-openjdk-amd64/jre/lib/amd64/server/libjvm.so
7f96135e7000-7f9613615000 rw-p 00000000 00:00 0 
7f9613615000-7f961362d000 r-xp 00000000 08:02 3936391                    /lib/x86_64-linux-gnu/libz.so.1.2.8
7f961362d000-7f961382c000 ---p 00018000 08:02 3936391                    /lib/x86_64-linux-gnu/libz.so.1.2.8
7f961382c000-7f961382d000 r--p 00017000 08:02 3936391                    /lib/x86_64-linux-gnu/libz.so.1.2.8
7f961382d000-7f961382e000 rw-p 00018000 08:02 3936391                    /lib/x86_64-linux-gnu/libz.so.1.2.8
7f961382e000-7f9613847000 r-xp 00000000 08:02 3936521                    /lib/x86_64-linux-gnu/libpthread-2.19.so
7f9613847000-7f9613a46000 ---p 00019000 08:02 3936521                    /lib/x86_64-linux-gnu/libpthread-2.19.so
7f9613a46000-7f9613a47000 r--p 00018000 08:02 3936521                    /lib/x86_64-linux-gnu/libpthread-2.19.so
7f9613a47000-7f9613a48000 rw-p 00019000 08:02 3936521                    /lib/x86_64-linux-gnu/libpthread-2.19.so
7f9613a48000-7f9613a4c000 rw-p 00000000 00:00 0 
7f9613a4c000-7f9613a4f000 r-xp 00000000 08:02 3936520                    /lib/x86_64-linux-gnu/libdl-2.19.so
7f9613a4f000-7f9613c4e000 ---p 00003000 08:02 3936520                    /lib/x86_64-linux-gnu/libdl-2.19.so
7f9613c4e000-7f9613c4f000 r--p 00002000 08:02 3936520                    /lib/x86_64-linux-gnu/libdl-2.19.so
7f9613c4f000-7f9613c50000 rw-p 00003000 08:02 3936520                    /lib/x86_64-linux-gnu/libdl-2.19.so
7f9613c50000-7f9613e0b000 r-xp 00000000 08:02 3936508                    /lib/x86_64-linux-gnu/libc-2.19.so
7f9613e0b000-7f961400b000 ---p 001bb000 08:02 3936508                    /lib/x86_64-linux-gnu/libc-2.19.so
7f961400b000-7f961400f000 r--p 001bb000 08:02 3936508                    /lib/x86_64-linux-gnu/libc-2.19.so
7f961400f000-7f9614011000 rw-p 001bf000 08:02 3936508                    /lib/x86_64-linux-gnu/libc-2.19.so
7f9614011000-7f9614016000 rw-p 00000000 00:00 0 
7f9614016000-7f9614023000 r-xp 00000000 08:02 4720908                    /usr/lib/jvm/java-7-openjdk-amd64/jre/lib/amd64/jli/libjli.so
7f9614023000-7f9614222000 ---p 0000d000 08:02 4720908                    /usr/lib/jvm/java-7-openjdk-amd64/jre/lib/amd64/jli/libjli.so
7f9614222000-7f9614223000 r--p 0000c000 08:02 4720908                    /usr/lib/jvm/java-7-openjdk-amd64/jre/lib/amd64/jli/libjli.so
7f9614223000-7f9614224000 rw-p 0000d000 08:02 4720908                    /usr/lib/jvm/java-7-openjdk-amd64/jre/lib/amd64/jli/libjli.so
7f9614224000-7f9614247000 r-xp 00000000 08:02 3936509                    /lib/x86_64-linux-gnu/ld-2.19.so
7f9614247000-7f961424a000 rw-p 00000000 00:00 0 
7f961424a000-7f961424b000 rw-s 00000000 00:14 134575194                  /run/shm/sem.kGzpKp (deleted)
7f961424b000-7f961424f000 r--s 00027000 08:02 13631759                   /home/justin/Other/lwjgl-2.9.1/jar/lwjgl_util.jar
7f961424f000-7f961425d000 r--s 000ea000 08:02 13631757                   /home/justin/Other/lwjgl-2.9.1/jar/lwjgl.jar
7f961425d000-7f9614267000 rw-p 00000000 00:00 0 
7f9614267000-7f961431d000 rw-p 00000000 00:00 0 
7f961431d000-7f9614320000 ---p 00000000 00:00 0 
7f9614320000-7f9614423000 rw-p 00000000 00:00 0                          [stack:16557]
7f9614423000-7f9614424000 rw-s 00005000 00:05 16069                      /dev/ati/card0
7f9614424000-7f9614426000 rw-s 00002000 00:05 16069                      /dev/ati/card0
7f9614426000-7f9614427000 r--s 00002000 08:02 4721139                    /usr/lib/jvm/java-7-openjdk-amd64/jre/lib/ext/dnsns.jar
7f9614427000-7f961442a000 r--s 0000f000 08:02 4721132                    /usr/lib/jvm/java-7-openjdk-amd64/jre/lib/ext/icedtea-sound.jar
7f961442a000-7f961442e000 r--s 00085000 08:02 4721135                    /usr/lib/jvm/java-7-openjdk-amd64/jre/lib/ext/localedata.jar
7f961442e000-7f9614432000 r--s 0003c000 08:02 4721134                    /usr/lib/jvm/java-7-openjdk-amd64/jre/lib/ext/sunpkcs11.jar
7f9614432000-7f9614436000 r--s 00034000 08:02 4721138                    /usr/lib/jvm/java-7-openjdk-amd64/jre/lib/ext/sunjce_provider.jar
7f9614436000-7f9614438000 r--s 00012000 08:02 4721133                    /usr/lib/jvm/java-7-openjdk-amd64/jre/lib/ext/zipfs.jar
7f9614438000-7f961443a000 r--s 00006000 08:02 5116616                    /usr/share/java/java-atk-wrapper.jar
7f961443a000-7f9614442000 rw-s 00000000 08:02 10748628                   /tmp/hsperfdata_justin/16552
7f9614442000-7f9614443000 rw-p 00000000 00:00 0 
7f9614443000-7f9614444000 r--p 00000000 00:00 0 
7f9614444000-7f9614446000 rw-p 00000000 00:00 0 
7f9614446000-7f9614447000 r--p 00022000 08:02 3936509                    /lib/x86_64-linux-gnu/ld-2.19.so
7f9614447000-7f9614448000 rw-p 00023000 08:02 3936509                    /lib/x86_64-linux-gnu/ld-2.19.so
7f9614448000-7f9614449000 rw-p 00000000 00:00 0 
7fff4eb16000-7fff4eb37000 rw-p 00000000 00:00 0                          [stack]
7fff4ebfe000-7fff4ec00000 r-xp 00000000 00:00 0                          [vdso]
ffffffffff600000-ffffffffff601000 r-xp 00000000 00:00 0                  [vsyscall]

VM Arguments:
jvm_args: -Djava.library.path=/home/justin/Other/lwjgl-2.9.1/native/linux -Dfile.encoding=UTF-8 
java_command: com.AtomicGE.main.Main
Launcher Type: SUN_STANDARD

Environment Variables:
PATH=/usr/local/sbin:/usr/local/bin:/usr/sbin:/usr/bin:/sbin:/bin:/usr/games:/usr/local/games
USERNAME=justin
SHELL=/bin/bash
DISPLAY=:0.0

Signal Handlers:
SIGSEGV: [libjvm.so+0x9495e0], sa_mask[0]=0x7ffbfeff, sa_flags=0x10000004
SIGBUS: [libjvm.so+0x9495e0], sa_mask[0]=0x7ffbfeff, sa_flags=0x10000004
SIGFPE: [libjvm.so+0x7c3410], sa_mask[0]=0x7ffbfeff, sa_flags=0x10000004
SIGPIPE: [libjvm.so+0x7c3410], sa_mask[0]=0x7ffbfeff, sa_flags=0x10000004
SIGXFSZ: [libjvm.so+0x7c3410], sa_mask[0]=0x7ffbfeff, sa_flags=0x10000004
SIGILL: [libjvm.so+0x7c3410], sa_mask[0]=0x7ffbfeff, sa_flags=0x10000004
SIGUSR1: SIG_DFL, sa_mask[0]=0x00000000, sa_flags=0x00000000
SIGUSR2: [libjvm.so+0x7c32b0], sa_mask[0]=0x00000004, sa_flags=0x10000004
SIGHUP: [libjvm.so+0x7c3490], sa_mask[0]=0x7ffbfeff, sa_flags=0x10000004
SIGINT: [libjvm.so+0x7c3490], sa_mask[0]=0x7ffbfeff, sa_flags=0x10000004
SIGTERM: [libjvm.so+0x7c3490], sa_mask[0]=0x7ffbfeff, sa_flags=0x10000004
SIGQUIT: [libjvm.so+0x7c3490], sa_mask[0]=0x7ffbfeff, sa_flags=0x10000004
SIGTRAP: SIG_DFL, sa_mask[0]=0x00000000, sa_flags=0x00000000


---------------  S Y S T E M  ---------------

OS:LinuxMint 17 (qiana)
uname:Linux 3.13.0-24-generic #47-Ubuntu SMP Fri May 2 23:30:00 UTC 2014 x86_64
libc:glibc 2.19 NPTL 2.19 
rlimit: STACK 8192k, CORE 0k, NPROC 62945, NOFILE 4096, AS infinity
load average:0.76 0.53 0.56

/proc/meminfo:
MemTotal:        8086100 kB
MemFree:          889260 kB
Buffers:          139664 kB
Cached:          3155672 kB
SwapCached:         8900 kB
Active:          2950956 kB
Inactive:        2676460 kB
Active(anon):    1533628 kB
Inactive(anon):   862060 kB
Active(file):    1417328 kB
Inactive(file):  1814400 kB
Unevictable:         256 kB
Mlocked:             256 kB
SwapTotal:       8296444 kB
SwapFree:        8224724 kB
Dirty:               200 kB
Writeback:             0 kB
AnonPages:       2324276 kB
Mapped:           316796 kB
Shmem:             63608 kB
Slab:             349420 kB
SReclaimable:     219536 kB
SUnreclaim:       129884 kB
KernelStack:        4392 kB
PageTables:        26224 kB
NFS_Unstable:          0 kB
Bounce:                0 kB
WritebackTmp:          0 kB
CommitLimit:    12339492 kB
Committed_AS:    4646832 kB
VmallocTotal:   34359738367 kB
VmallocUsed:      223004 kB
VmallocChunk:   34359495844 kB
HardwareCorrupted:     0 kB
AnonHugePages:    985088 kB
HugePages_Total:       0
HugePages_Free:        0
HugePages_Rsvd:        0
HugePages_Surp:        0
Hugepagesize:       2048 kB
DirectMap4k:     7599916 kB
DirectMap2M:      698368 kB


CPU:total 8 (4 cores per cpu, 2 threads per core) family 6 model 42 stepping 7, cmov, cx8, fxsr, mmx, sse, sse2, sse3, ssse3, sse4.1, sse4.2, popcnt, avx, ht, tsc, tscinvbit

/proc/cpuinfo:
processor	: 0
vendor_id	: GenuineIntel
cpu family	: 6
model		: 42
model name	: Intel(R) Core(TM) i7-2635QM CPU @ 2.00GHz
stepping	: 7
microcode	: 0x14
cpu MHz		: 2001.000
cache size	: 6144 KB
physical id	: 0
siblings	: 8
core id		: 0
cpu cores	: 4
apicid		: 0
initial apicid	: 0
fpu		: yes
fpu_exception	: yes
cpuid level	: 13
wp		: yes
flags		: fpu vme de pse tsc msr pae mce cx8 apic sep mtrr pge mca cmov pat pse36 clflush dts acpi mmx fxsr sse sse2 ss ht tm pbe syscall nx rdtscp lm constant_tsc arch_perfmon pebs bts rep_good nopl xtopology nonstop_tsc aperfmperf eagerfpu pni pclmulqdq dtes64 monitor ds_cpl vmx est tm2 ssse3 cx16 xtpr pdcm pcid sse4_1 sse4_2 x2apic popcnt tsc_deadline_timer xsave avx lahf_lm ida arat xsaveopt pln pts dtherm tpr_shadow vnmi flexpriority ept vpid
bogomips	: 3991.01
clflush size	: 64
cache_alignment	: 64
address sizes	: 36 bits physical, 48 bits virtual
power management:

processor	: 1
vendor_id	: GenuineIntel
cpu family	: 6
model		: 42
model name	: Intel(R) Core(TM) i7-2635QM CPU @ 2.00GHz
stepping	: 7
microcode	: 0x14
cpu MHz		: 2001.000
cache size	: 6144 KB
physical id	: 0
siblings	: 8
core id		: 1
cpu cores	: 4
apicid		: 2
initial apicid	: 2
fpu		: yes
fpu_exception	: yes
cpuid level	: 13
wp		: yes
flags		: fpu vme de pse tsc msr pae mce cx8 apic sep mtrr pge mca cmov pat pse36 clflush dts acpi mmx fxsr sse sse2 ss ht tm pbe syscall nx rdtscp lm constant_tsc arch_perfmon pebs bts rep_good nopl xtopology nonstop_tsc aperfmperf eagerfpu pni pclmulqdq dtes64 monitor ds_cpl vmx est tm2 ssse3 cx16 xtpr pdcm pcid sse4_1 sse4_2 x2apic popcnt tsc_deadline_timer xsave avx lahf_lm ida arat xsaveopt pln pts dtherm tpr_shadow vnmi flexpriority ept vpid
bogomips	: 3991.01
clflush size	: 64
cache_alignment	: 64
address sizes	: 36 bits physical, 48 bits virtual
power management:

processor	: 2
vendor_id	: GenuineIntel
cpu family	: 6
model		: 42
model name	: Intel(R) Core(TM) i7-2635QM CPU @ 2.00GHz
stepping	: 7
microcode	: 0x14
cpu MHz		: 800.000
cache size	: 6144 KB
physical id	: 0
siblings	: 8
core id		: 2
cpu cores	: 4
apicid		: 4
initial apicid	: 4
fpu		: yes
fpu_exception	: yes
cpuid level	: 13
wp		: yes
flags		: fpu vme de pse tsc msr pae mce cx8 apic sep mtrr pge mca cmov pat pse36 clflush dts acpi mmx fxsr sse sse2 ss ht tm pbe syscall nx rdtscp lm constant_tsc arch_perfmon pebs bts rep_good nopl xtopology nonstop_tsc aperfmperf eagerfpu pni pclmulqdq dtes64 monitor ds_cpl vmx est tm2 ssse3 cx16 xtpr pdcm pcid sse4_1 sse4_2 x2apic popcnt tsc_deadline_timer xsave avx lahf_lm ida arat xsaveopt pln pts dtherm tpr_shadow vnmi flexpriority ept vpid
bogomips	: 3991.01
clflush size	: 64
cache_alignment	: 64
address sizes	: 36 bits physical, 48 bits virtual
power management:

processor	: 3
vendor_id	: GenuineIntel
cpu family	: 6
model		: 42
model name	: Intel(R) Core(TM) i7-2635QM CPU @ 2.00GHz
stepping	: 7
microcode	: 0x14
cpu MHz		: 800.000
cache size	: 6144 KB
physical id	: 0
siblings	: 8
core id		: 3
cpu cores	: 4
apicid		: 6
initial apicid	: 6
fpu		: yes
fpu_exception	: yes
cpuid level	: 13
wp		: yes
flags		: fpu vme de pse tsc msr pae mce cx8 apic sep mtrr pge mca cmov pat pse36 clflush dts acpi mmx fxsr sse sse2 ss ht tm pbe syscall nx rdtscp lm constant_tsc arch_perfmon pebs bts rep_good nopl xtopology nonstop_tsc aperfmperf eagerfpu pni pclmulqdq dtes64 monitor ds_cpl vmx est tm2 ssse3 cx16 xtpr pdcm pcid sse4_1 sse4_2 x2apic popcnt tsc_deadline_timer xsave avx lahf_lm ida arat xsaveopt pln pts dtherm tpr_shadow vnmi flexpriority ept vpid
bogomips	: 3991.01
clflush size	: 64
cache_alignment	: 64
address sizes	: 36 bits physical, 48 bits virtual
power management:

processor	: 4
vendor_id	: GenuineIntel
cpu family	: 6
model		: 42
model name	: Intel(R) Core(TM) i7-2635QM CPU @ 2.00GHz
stepping	: 7
microcode	: 0x14
cpu MHz		: 2001.000
cache size	: 6144 KB
physical id	: 0
siblings	: 8
core id		: 0
cpu cores	: 4
apicid		: 1
initial apicid	: 1
fpu		: yes
fpu_exception	: yes
cpuid level	: 13
wp		: yes
flags		: fpu vme de pse tsc msr pae mce cx8 apic sep mtrr pge mca cmov pat pse36 clflush dts acpi mmx fxsr sse sse2 ss ht tm pbe syscall nx rdtscp lm constant_tsc arch_perfmon pebs bts rep_good nopl xtopology nonstop_tsc aperfmperf eagerfpu pni pclmulqdq dtes64 monitor ds_cpl vmx est tm2 ssse3 cx16 xtpr pdcm pcid sse4_1 sse4_2 x2apic popcnt tsc_deadline_timer xsave avx lahf_lm ida arat xsaveopt pln pts dtherm tpr_shadow vnmi flexpriority ept vpid
bogomips	: 3991.01
clflush size	: 64
cache_alignment	: 64
address sizes	: 36 bits physical, 48 bits virtual
power management:

processor	: 5
vendor_id	: GenuineIntel
cpu family	: 6
model		: 42
model name	: Intel(R) Core(TM) i7-2635QM CPU @ 2.00GHz
stepping	: 7
microcode	: 0x14
cpu MHz		: 800.000
cache size	: 6144 KB
physical id	: 0
siblings	: 8
core id		: 1
cpu cores	: 4
apicid		: 3
initial apicid	: 3
fpu		: yes
fpu_exception	: yes
cpuid level	: 13
wp		: yes
flags		: fpu vme de pse tsc msr pae mce cx8 apic sep mtrr pge mca cmov pat pse36 clflush dts acpi mmx fxsr sse sse2 ss ht tm pbe syscall nx rdtscp lm constant_tsc arch_perfmon pebs bts rep_good nopl xtopology nonstop_tsc aperfmperf eagerfpu pni pclmulqdq dtes64 monitor ds_cpl vmx est tm2 ssse3 cx16 xtpr pdcm pcid sse4_1 sse4_2 x2apic popcnt tsc_deadline_timer xsave avx lahf_lm ida arat xsaveopt pln pts dtherm tpr_shadow vnmi flexpriority ept vpid
bogomips	: 3991.01
clflush size	: 64
cache_alignment	: 64
address sizes	: 36 bits physical, 48 bits virtual
power management:

processor	: 6
vendor_id	: GenuineIntel
cpu family	: 6
model		: 42
model name	: Intel(R) Core(TM) i7-2635QM CPU @ 2.00GHz
stepping	: 7
microcode	: 0x14
cpu MHz		: 800.000
cache size	: 6144 KB
physical id	: 0
siblings	: 8
core id		: 2
cpu cores	: 4
apicid		: 5
initial apicid	: 5
fpu		: yes
fpu_exception	: yes
cpuid level	: 13
wp		: yes
flags		: fpu vme de pse tsc msr pae mce cx8 apic sep mtrr pge mca cmov pat pse36 clflush dts acpi mmx fxsr sse sse2 ss ht tm pbe syscall nx rdtscp lm constant_tsc arch_perfmon pebs bts rep_good nopl xtopology nonstop_tsc aperfmperf eagerfpu pni pclmulqdq dtes64 monitor ds_cpl vmx est tm2 ssse3 cx16 xtpr pdcm pcid sse4_1 sse4_2 x2apic popcnt tsc_deadline_timer xsave avx lahf_lm ida arat xsaveopt pln pts dtherm tpr_shadow vnmi flexpriority ept vpid
bogomips	: 3991.01
clflush size	: 64
cache_alignment	: 64
address sizes	: 36 bits physical, 48 bits virtual
power management:

processor	: 7
vendor_id	: GenuineIntel
cpu family	: 6
model		: 42
model name	: Intel(R) Core(TM) i7-2635QM CPU @ 2.00GHz
stepping	: 7
microcode	: 0x14
cpu MHz		: 800.000
cache size	: 6144 KB
physical id	: 0
siblings	: 8
core id		: 3
cpu cores	: 4
apicid		: 7
initial apicid	: 7
fpu		: yes
fpu_exception	: yes
cpuid level	: 13
wp		: yes
flags		: fpu vme de pse tsc msr pae mce cx8 apic sep mtrr pge mca cmov pat pse36 clflush dts acpi mmx fxsr sse sse2 ss ht tm pbe syscall nx rdtscp lm constant_tsc arch_perfmon pebs bts rep_good nopl xtopology nonstop_tsc aperfmperf eagerfpu pni pclmulqdq dtes64 monitor ds_cpl vmx est tm2 ssse3 cx16 xtpr pdcm pcid sse4_1 sse4_2 x2apic popcnt tsc_deadline_timer xsave avx lahf_lm ida arat xsaveopt pln pts dtherm tpr_shadow vnmi flexpriority ept vpid
bogomips	: 3991.01
clflush size	: 64
cache_alignment	: 64
address sizes	: 36 bits physical, 48 bits virtual
power management:



Memory: 4k page, physical 8086100k(889260k free), swap 8296444k(8224724k free)

vm_info: OpenJDK 64-Bit Server VM (24.65-b04) for linux-amd64 JRE (1.7.0_65-b32), built on Oct 22 2014 04:37:44 by "buildd" with gcc 4.8.2

time: Thu Dec 18 13:23:45 2014
elapsed time: 1 seconds

